2022-03-02 12:11:37,953:INFO:PyCaret Supervised Module
2022-03-02 12:11:37,955:INFO:ML Usecase: classification
2022-03-02 12:11:37,956:INFO:version 2.3.6
2022-03-02 12:11:37,957:INFO:Initializing setup()
2022-03-02 12:11:37,958:INFO:setup(target=target, ml_usecase=classification, available_plots={'parameter': 'Hyperparameters', 'auc': 'AUC', 'confusion_matrix': 'Confusion Matrix', 'threshold': 'Threshold', 'pr': 'Precision Recall', 'error': 'Prediction Error', 'class_report': 'Class Report', 'rfe': 'Feature Selection', 'learning': 'Learning Curve', 'manifold': 'Manifold Learning', 'calibration': 'Calibration Curve', 'vc': 'Validation Curve', 'dimension': 'Dimensions', 'feature': 'Feature Importance', 'feature_all': 'Feature Importance (All)', 'boundary': 'Decision Boundary', 'lift': 'Lift Chart', 'gain': 'Gain Chart', 'tree': 'Decision Tree', 'ks': 'KS Statistic Plot'}, train_size=0.7, test_data=None, preprocess=True, imputation_type=simple, iterative_imputation_iters=5, categorical_features=None, categorical_imputation=constant, categorical_iterative_imputer=lightgbm, ordinal_features=None, high_cardinality_features=None, high_cardinality_method=frequency, numeric_features=None, numeric_imputation=mean, numeric_iterative_imputer=lightgbm, date_features=None, ignore_features=None, normalize=False, normalize_method=zscore, transformation=False, transformation_method=yeo-johnson, handle_unknown_categorical=True, unknown_categorical_method=least_frequent, pca=False, pca_method=linear, pca_components=None, ignore_low_variance=False, combine_rare_levels=False, rare_level_threshold=0.1, bin_numeric_features=None, remove_outliers=False, outliers_threshold=0.05, remove_multicollinearity=False, multicollinearity_threshold=0.9, remove_perfect_collinearity=True, create_clusters=False, cluster_iter=20, polynomial_features=False, polynomial_degree=2, trigonometry_features=False, polynomial_threshold=0.1, group_features=None, group_names=None, feature_selection=False, feature_selection_threshold=0.8, feature_selection_method=classic, feature_interaction=False, feature_ratio=False, interaction_threshold=0.01, fix_imbalance=False, fix_imbalance_method=None, transform_target=False, transform_target_method=box-cox, data_split_shuffle=True, data_split_stratify=False, fold_strategy=stratifiedkfold, fold=10, fold_shuffle=False, fold_groups=None, n_jobs=-1, use_gpu=False, custom_pipeline=None, html=True, session_id=1337, log_experiment=False, experiment_name=None, log_plots=False, log_profile=False, log_data=False, silent=True, verbose=False, profile=False, profile_kwargs=None, display=None)
2022-03-02 12:11:37,959:INFO:Checking environment
2022-03-02 12:11:37,960:INFO:python_version: 3.8.12
2022-03-02 12:11:37,960:INFO:python_build: ('default', 'Feb  8 2022 05:22:14')
2022-03-02 12:11:37,964:INFO:machine: x86_64
2022-03-02 12:11:37,965:INFO:platform: Linux-5.10.76-linuxkit-x86_64-with-glibc2.2.5
2022-03-02 12:11:37,967:WARNING:cannot find psutil installation. memory not traceable. Install psutil using pip to enable memory logging.
2022-03-02 12:11:37,967:INFO:Checking libraries
2022-03-02 12:11:37,968:INFO:pd==1.3.4
2022-03-02 12:11:37,969:INFO:numpy==1.19.5
2022-03-02 12:11:37,970:INFO:sklearn==0.23.2
2022-03-02 12:11:37,971:INFO:lightgbm==3.3.2
2022-03-02 12:11:37,972:WARNING:catboost not found
2022-03-02 12:11:37,974:WARNING:xgboost not found
2022-03-02 12:11:38,421:INFO:mlflow==1.23.1
2022-03-02 12:11:38,424:INFO:Checking Exceptions
2022-03-02 12:11:38,424:INFO:Declaring global variables
2022-03-02 12:11:38,425:INFO:USI: 6ba3
2022-03-02 12:11:38,426:INFO:pycaret_globals: {'fold_groups_param_full', 'stratify_param', 'n_jobs_param', '_all_models_internal', '_all_metrics', 'y_train', 'display_container', 'target_param', '_internal_pipeline', 'seed', 'transform_target_param', '_all_models', 'imputation_classifier', 'X_test', 'fold_generator', 'X_train', 'imputation_regressor', 'pycaret_globals', 'y', 'prep_pipe', 'experiment__', '_ml_usecase', 'master_model_container', 'create_model_container', 'exp_name_log', '_gpu_n_jobs_param', 'log_plots_param', 'fix_imbalance_param', 'fix_imbalance_method_param', 'fold_groups_param', 'USI', '_available_plots', 'logging_param', 'data_before_preprocess', 'fold_param', 'iterative_imputation_iters_param', 'y_test', 'X', 'transform_target_method_param', 'html_param', 'gpu_param', 'fold_shuffle_param'}
2022-03-02 12:11:38,428:INFO:Preparing display monitor
2022-03-02 12:11:38,429:INFO:Importing libraries
2022-03-02 12:11:38,430:INFO:Copying data for preprocessing
2022-03-02 12:11:38,433:INFO:Declaring preprocessing parameters
2022-03-02 12:11:38,440:INFO:Creating preprocessing pipeline
2022-03-02 12:11:38,453:INFO:Preprocessing pipeline created successfully
2022-03-02 12:11:38,454:ERROR:(Process Exit): setup has been interupted with user command 'quit'. setup must rerun.
2022-03-02 12:11:38,454:INFO:Creating global containers
2022-03-02 12:11:38,457:INFO:Internal pipeline: Pipeline(memory=None, steps=[('empty_step', 'passthrough')], verbose=False)
2022-03-02 12:11:38,636:WARNING:Couldn't import xgboost.XGBClassifier
2022-03-02 12:11:38,638:WARNING:Couldn't import catboost.CatBoostClassifier
2022-03-02 12:11:38,712:WARNING:Couldn't import xgboost.XGBClassifier
2022-03-02 12:11:38,713:WARNING:Couldn't import catboost.CatBoostClassifier
2022-03-02 12:11:38,715:INFO:Creating grid variables
2022-03-02 12:11:38,718:INFO:create_model_container: 0
2022-03-02 12:11:38,719:INFO:master_model_container: 0
2022-03-02 12:11:38,720:INFO:display_container: 1
2022-03-02 12:11:38,726:INFO:Pipeline(memory=None,
         steps=[('dtypes',
                 DataTypes_Auto_infer(categorical_features=[],
                                      display_types=False, features_todrop=[],
                                      id_columns=[],
                                      ml_usecase='classification',
                                      numerical_features=[], target='target',
                                      time_features=[])),
                ('imputer',
                 Simple_Imputer(categorical_strategy='not_available',
                                fill_value_categorical=None,
                                fill_value_numerical=None,
                                numeric_stra...
                ('scaling', 'passthrough'), ('P_transform', 'passthrough'),
                ('binn', 'passthrough'), ('rem_outliers', 'passthrough'),
                ('cluster_all', 'passthrough'),
                ('dummy', Dummify(target='target')),
                ('fix_perfect', Remove_100(target='target')),
                ('clean_names', Clean_Colum_Names()),
                ('feature_select', 'passthrough'), ('fix_multi', 'passthrough'),
                ('dfs', 'passthrough'), ('pca', 'passthrough')],
         verbose=False)
2022-03-02 12:11:38,728:INFO:setup() succesfully completed......................................
2022-03-02 12:11:39,028:INFO:Initializing compare_models()
2022-03-02 12:11:39,030:INFO:compare_models(include=['nb', 'rf', 'knn'], fold=None, round=4, cross_validation=True, sort=Accuracy, n_select=3, budget_time=None, turbo=True, errors=ignore, fit_kwargs=None, groups=None, probability_threshold=None, verbose=True, display=None, exclude=None)
2022-03-02 12:11:39,033:INFO:Checking exceptions
2022-03-02 12:11:39,036:INFO:Preparing display monitor
2022-03-02 12:11:39,037:INFO:Preparing display monitor
2022-03-02 12:11:39,082:INFO:Initializing Naive Bayes
2022-03-02 12:11:39,083:INFO:Total runtime is 2.2538503011067708e-05 minutes
2022-03-02 12:11:39,098:INFO:SubProcess create_model() called ==================================
2022-03-02 12:11:39,100:INFO:Initializing create_model()
2022-03-02 12:11:39,101:INFO:create_model(estimator=nb, fold=StratifiedKFold(n_splits=10, random_state=None, shuffle=False), round=4, cross_validation=True, predict=True, fit_kwargs={}, groups=None, refit=False, verbose=False, system=False, metrics=None, add_to_model_list=True, probability_threshold=None, display=<pycaret.internal.Display.Display object at 0x7f7c2a2fe5e0>, kwargs={})
2022-03-02 12:11:39,102:INFO:Checking exceptions
2022-03-02 12:11:39,103:INFO:Importing libraries
2022-03-02 12:11:39,105:INFO:Copying training dataset
2022-03-02 12:11:39,108:INFO:Defining folds
2022-03-02 12:11:39,109:INFO:Declaring metric variables
2022-03-02 12:11:39,121:INFO:Importing untrained model
2022-03-02 12:11:39,138:INFO:Naive Bayes Imported succesfully
2022-03-02 12:11:39,164:INFO:Starting cross validation
2022-03-02 12:11:39,166:INFO:Cross validating with StratifiedKFold(n_splits=10, random_state=None, shuffle=False), n_jobs=-1
2022-03-02 12:11:40,945:WARNING:create_model() for nb raised an exception or returned all 0.0, trying without fit_kwargs:
2022-03-02 12:11:40,958:WARNING:Traceback (most recent call last):
  File "/usr/local/lib/python3.8/site-packages/pycaret/internal/tabular.py", line 2206, in compare_models
    model, model_fit_time = create_model_supervised(**create_model_args)
  File "/usr/local/lib/python3.8/site-packages/pycaret/internal/tabular.py", line 3171, in create_model_supervised
    scores = cross_validate(
  File "/usr/local/lib/python3.8/site-packages/sklearn/utils/validation.py", line 72, in inner_f
    return f(**kwargs)
  File "/usr/local/lib/python3.8/site-packages/sklearn/model_selection/_validation.py", line 242, in cross_validate
    scores = parallel(
  File "/usr/local/lib/python3.8/site-packages/joblib/parallel.py", line 1054, in __call__
    self.retrieve()
  File "/usr/local/lib/python3.8/site-packages/joblib/parallel.py", line 933, in retrieve
    self._output.extend(job.get(timeout=self.timeout))
  File "/usr/local/lib/python3.8/site-packages/joblib/_parallel_backends.py", line 542, in wrap_future_result
    return future.result(timeout=timeout)
  File "/usr/local/lib/python3.8/concurrent/futures/_base.py", line 439, in result
    self._condition.wait(timeout)
  File "/usr/local/lib/python3.8/threading.py", line 302, in wait
    waiter.acquire()
KeyboardInterrupt

2022-03-02 12:11:40,961:INFO:Initializing create_model()
2022-03-02 12:11:40,962:INFO:create_model(estimator=nb, fold=StratifiedKFold(n_splits=10, random_state=None, shuffle=False), round=4, cross_validation=True, predict=True, fit_kwargs={}, groups=None, refit=False, verbose=False, system=False, metrics=None, add_to_model_list=True, probability_threshold=None, display=<pycaret.internal.Display.Display object at 0x7f7c2a2fe5e0>, kwargs={})
2022-03-02 12:11:40,962:INFO:Checking exceptions
2022-03-02 12:11:40,963:INFO:Importing libraries
2022-03-02 12:11:40,964:INFO:Copying training dataset
2022-03-02 12:11:40,967:INFO:Defining folds
2022-03-02 12:11:40,967:INFO:Declaring metric variables
2022-03-02 12:11:40,981:INFO:Importing untrained model
2022-03-02 12:11:40,992:INFO:Naive Bayes Imported succesfully
2022-03-02 12:11:41,015:INFO:Starting cross validation
2022-03-02 12:11:41,017:INFO:Cross validating with StratifiedKFold(n_splits=10, random_state=None, shuffle=False), n_jobs=-1
2022-03-02 12:11:51,241:INFO:PyCaret Supervised Module
2022-03-02 12:11:51,243:INFO:ML Usecase: classification
2022-03-02 12:11:51,245:INFO:version 2.3.6
2022-03-02 12:11:51,246:INFO:Initializing setup()
2022-03-02 12:11:51,248:INFO:setup(target=target, ml_usecase=classification, available_plots={'parameter': 'Hyperparameters', 'auc': 'AUC', 'confusion_matrix': 'Confusion Matrix', 'threshold': 'Threshold', 'pr': 'Precision Recall', 'error': 'Prediction Error', 'class_report': 'Class Report', 'rfe': 'Feature Selection', 'learning': 'Learning Curve', 'manifold': 'Manifold Learning', 'calibration': 'Calibration Curve', 'vc': 'Validation Curve', 'dimension': 'Dimensions', 'feature': 'Feature Importance', 'feature_all': 'Feature Importance (All)', 'boundary': 'Decision Boundary', 'lift': 'Lift Chart', 'gain': 'Gain Chart', 'tree': 'Decision Tree', 'ks': 'KS Statistic Plot'}, train_size=0.7, test_data=None, preprocess=True, imputation_type=simple, iterative_imputation_iters=5, categorical_features=None, categorical_imputation=constant, categorical_iterative_imputer=lightgbm, ordinal_features=None, high_cardinality_features=None, high_cardinality_method=frequency, numeric_features=None, numeric_imputation=mean, numeric_iterative_imputer=lightgbm, date_features=None, ignore_features=None, normalize=False, normalize_method=zscore, transformation=False, transformation_method=yeo-johnson, handle_unknown_categorical=True, unknown_categorical_method=least_frequent, pca=False, pca_method=linear, pca_components=None, ignore_low_variance=False, combine_rare_levels=False, rare_level_threshold=0.1, bin_numeric_features=None, remove_outliers=False, outliers_threshold=0.05, remove_multicollinearity=False, multicollinearity_threshold=0.9, remove_perfect_collinearity=True, create_clusters=False, cluster_iter=20, polynomial_features=False, polynomial_degree=2, trigonometry_features=False, polynomial_threshold=0.1, group_features=None, group_names=None, feature_selection=False, feature_selection_threshold=0.8, feature_selection_method=classic, feature_interaction=False, feature_ratio=False, interaction_threshold=0.01, fix_imbalance=False, fix_imbalance_method=None, transform_target=False, transform_target_method=box-cox, data_split_shuffle=True, data_split_stratify=False, fold_strategy=stratifiedkfold, fold=10, fold_shuffle=False, fold_groups=None, n_jobs=-1, use_gpu=False, custom_pipeline=None, html=True, session_id=1337, log_experiment=False, experiment_name=None, log_plots=False, log_profile=False, log_data=False, silent=True, verbose=False, profile=False, profile_kwargs=None, display=None)
2022-03-02 12:11:51,249:INFO:Checking environment
2022-03-02 12:11:51,250:INFO:python_version: 3.8.12
2022-03-02 12:11:51,251:INFO:python_build: ('default', 'Feb  8 2022 05:22:14')
2022-03-02 12:11:51,252:INFO:machine: x86_64
2022-03-02 12:11:51,255:INFO:platform: Linux-5.10.76-linuxkit-x86_64-with-glibc2.2.5
2022-03-02 12:11:51,257:WARNING:cannot find psutil installation. memory not traceable. Install psutil using pip to enable memory logging.
2022-03-02 12:11:51,258:INFO:Checking libraries
2022-03-02 12:11:51,260:INFO:pd==1.3.4
2022-03-02 12:11:51,260:INFO:numpy==1.19.5
2022-03-02 12:11:51,261:INFO:sklearn==0.23.2
2022-03-02 12:11:51,262:INFO:lightgbm==3.3.2
2022-03-02 12:11:51,264:WARNING:catboost not found
2022-03-02 12:11:51,265:WARNING:xgboost not found
2022-03-02 12:11:51,532:INFO:mlflow==1.23.1
2022-03-02 12:11:51,534:INFO:Checking Exceptions
2022-03-02 12:11:51,535:INFO:Declaring global variables
2022-03-02 12:11:51,535:INFO:USI: a3c6
2022-03-02 12:11:51,536:INFO:pycaret_globals: {'y', 'y_train', 'fold_shuffle_param', 'prep_pipe', 'html_param', 'experiment__', 'fold_groups_param_full', 'log_plots_param', 'seed', 'data_before_preprocess', 'fix_imbalance_param', 'n_jobs_param', 'fold_groups_param', 'transform_target_method_param', 'pycaret_globals', 'display_container', 'X_train', 'create_model_container', 'fold_param', 'USI', '_ml_usecase', '_internal_pipeline', 'master_model_container', '_all_models_internal', 'y_test', '_all_models', 'transform_target_param', 'exp_name_log', 'imputation_regressor', '_available_plots', 'imputation_classifier', 'fold_generator', 'stratify_param', 'iterative_imputation_iters_param', '_all_metrics', '_gpu_n_jobs_param', 'X', 'fix_imbalance_method_param', 'X_test', 'gpu_param', 'target_param', 'logging_param'}
2022-03-02 12:11:51,537:INFO:Preparing display monitor
2022-03-02 12:11:51,538:INFO:Importing libraries
2022-03-02 12:11:51,539:INFO:Copying data for preprocessing
2022-03-02 12:11:51,539:INFO:Declaring preprocessing parameters
2022-03-02 12:11:51,542:INFO:Creating preprocessing pipeline
2022-03-02 12:11:51,546:INFO:Preprocessing pipeline created successfully
2022-03-02 12:11:51,547:ERROR:(Process Exit): setup has been interupted with user command 'quit'. setup must rerun.
2022-03-02 12:11:51,548:INFO:Creating global containers
2022-03-02 12:11:51,549:INFO:Internal pipeline: Pipeline(memory=None, steps=[('empty_step', 'passthrough')], verbose=False)
2022-03-02 12:11:51,697:WARNING:Couldn't import xgboost.XGBClassifier
2022-03-02 12:11:51,698:WARNING:Couldn't import catboost.CatBoostClassifier
2022-03-02 12:11:51,772:WARNING:Couldn't import xgboost.XGBClassifier
2022-03-02 12:11:51,773:WARNING:Couldn't import catboost.CatBoostClassifier
2022-03-02 12:11:51,775:INFO:Creating grid variables
2022-03-02 12:11:51,778:INFO:create_model_container: 0
2022-03-02 12:11:51,779:INFO:master_model_container: 0
2022-03-02 12:11:51,779:INFO:display_container: 1
2022-03-02 12:11:51,785:INFO:Pipeline(memory=None,
         steps=[('dtypes',
                 DataTypes_Auto_infer(categorical_features=[],
                                      display_types=False, features_todrop=[],
                                      id_columns=[],
                                      ml_usecase='classification',
                                      numerical_features=[], target='target',
                                      time_features=[])),
                ('imputer',
                 Simple_Imputer(categorical_strategy='not_available',
                                fill_value_categorical=None,
                                fill_value_numerical=None,
                                numeric_stra...
                ('scaling', 'passthrough'), ('P_transform', 'passthrough'),
                ('binn', 'passthrough'), ('rem_outliers', 'passthrough'),
                ('cluster_all', 'passthrough'),
                ('dummy', Dummify(target='target')),
                ('fix_perfect', Remove_100(target='target')),
                ('clean_names', Clean_Colum_Names()),
                ('feature_select', 'passthrough'), ('fix_multi', 'passthrough'),
                ('dfs', 'passthrough'), ('pca', 'passthrough')],
         verbose=False)
2022-03-02 12:11:51,786:INFO:setup() succesfully completed......................................
2022-03-02 12:11:52,025:INFO:Initializing compare_models()
2022-03-02 12:11:52,026:INFO:compare_models(include=['nb', 'rf', 'knn'], fold=None, round=4, cross_validation=True, sort=Accuracy, n_select=3, budget_time=None, turbo=True, errors=ignore, fit_kwargs=None, groups=None, probability_threshold=None, verbose=True, display=None, exclude=None)
2022-03-02 12:11:52,028:INFO:Checking exceptions
2022-03-02 12:11:52,030:INFO:Preparing display monitor
2022-03-02 12:11:52,031:INFO:Preparing display monitor
2022-03-02 12:11:52,071:INFO:Initializing Naive Bayes
2022-03-02 12:11:52,072:INFO:Total runtime is 1.9991397857666014e-05 minutes
2022-03-02 12:11:52,085:INFO:SubProcess create_model() called ==================================
2022-03-02 12:11:52,086:INFO:Initializing create_model()
2022-03-02 12:11:52,087:INFO:create_model(estimator=nb, fold=StratifiedKFold(n_splits=10, random_state=None, shuffle=False), round=4, cross_validation=True, predict=True, fit_kwargs={}, groups=None, refit=False, verbose=False, system=False, metrics=None, add_to_model_list=True, probability_threshold=None, display=<pycaret.internal.Display.Display object at 0x7fce1013dac0>, kwargs={})
2022-03-02 12:11:52,088:INFO:Checking exceptions
2022-03-02 12:11:52,089:INFO:Importing libraries
2022-03-02 12:11:52,090:INFO:Copying training dataset
2022-03-02 12:11:52,092:INFO:Defining folds
2022-03-02 12:11:52,093:INFO:Declaring metric variables
2022-03-02 12:11:52,105:INFO:Importing untrained model
2022-03-02 12:11:52,117:INFO:Naive Bayes Imported succesfully
2022-03-02 12:11:52,142:INFO:Starting cross validation
2022-03-02 12:11:52,144:INFO:Cross validating with StratifiedKFold(n_splits=10, random_state=None, shuffle=False), n_jobs=-1
2022-03-02 12:12:18,115:INFO:Calculating mean and std
2022-03-02 12:12:18,210:INFO:Creating metrics dataframe
2022-03-02 12:12:18,425:INFO:Uploading results into container
2022-03-02 12:12:18,428:INFO:Uploading model into container now
2022-03-02 12:12:18,430:INFO:create_model_container: 1
2022-03-02 12:12:18,434:INFO:master_model_container: 1
2022-03-02 12:12:18,436:INFO:display_container: 2
2022-03-02 12:12:18,455:INFO:GaussianNB(priors=None, var_smoothing=1e-09)
2022-03-02 12:12:18,459:INFO:create_model() succesfully completed......................................
2022-03-02 12:12:20,735:INFO:SubProcess create_model() end ==================================
2022-03-02 12:12:20,740:INFO:Creating metrics dataframe
2022-03-02 12:12:20,796:INFO:Initializing Random Forest Classifier
2022-03-02 12:12:20,813:INFO:Total runtime is 0.4790306448936463 minutes
2022-03-02 12:12:20,841:INFO:SubProcess create_model() called ==================================
2022-03-02 12:12:20,855:INFO:Initializing create_model()
2022-03-02 12:12:20,865:INFO:create_model(estimator=rf, fold=StratifiedKFold(n_splits=10, random_state=None, shuffle=False), round=4, cross_validation=True, predict=True, fit_kwargs={}, groups=None, refit=False, verbose=False, system=False, metrics=None, add_to_model_list=True, probability_threshold=None, display=<pycaret.internal.Display.Display object at 0x7fce1013dac0>, kwargs={})
2022-03-02 12:12:20,870:INFO:Checking exceptions
2022-03-02 12:12:20,873:INFO:Importing libraries
2022-03-02 12:12:20,876:INFO:Copying training dataset
2022-03-02 12:12:20,879:INFO:Defining folds
2022-03-02 12:12:20,880:INFO:Declaring metric variables
2022-03-02 12:12:20,896:INFO:Importing untrained model
2022-03-02 12:12:20,914:INFO:Random Forest Classifier Imported succesfully
2022-03-02 12:12:20,987:INFO:Starting cross validation
2022-03-02 12:12:20,992:INFO:Cross validating with StratifiedKFold(n_splits=10, random_state=None, shuffle=False), n_jobs=-1
2022-03-02 12:12:40,408:INFO:Calculating mean and std
2022-03-02 12:12:40,528:INFO:Creating metrics dataframe
2022-03-02 12:12:40,782:INFO:Uploading results into container
2022-03-02 12:12:40,792:INFO:Uploading model into container now
2022-03-02 12:12:40,793:INFO:create_model_container: 2
2022-03-02 12:12:40,795:INFO:master_model_container: 2
2022-03-02 12:12:40,796:INFO:display_container: 2
2022-03-02 12:12:40,802:INFO:RandomForestClassifier(bootstrap=True, ccp_alpha=0.0, class_weight=None,
                       criterion='gini', max_depth=None, max_features='auto',
                       max_leaf_nodes=None, max_samples=None,
                       min_impurity_decrease=0.0, min_impurity_split=None,
                       min_samples_leaf=1, min_samples_split=2,
                       min_weight_fraction_leaf=0.0, n_estimators=100,
                       n_jobs=-1, oob_score=False, random_state=1337, verbose=0,
                       warm_start=False)
2022-03-02 12:12:40,803:INFO:create_model() succesfully completed......................................
2022-03-02 12:12:41,492:INFO:SubProcess create_model() end ==================================
2022-03-02 12:12:41,495:INFO:Creating metrics dataframe
2022-03-02 12:12:41,597:INFO:Initializing K Neighbors Classifier
2022-03-02 12:12:41,603:INFO:Total runtime is 0.8255337357521058 minutes
2022-03-02 12:12:41,640:INFO:SubProcess create_model() called ==================================
2022-03-02 12:12:41,646:INFO:Initializing create_model()
2022-03-02 12:12:41,647:INFO:create_model(estimator=knn, fold=StratifiedKFold(n_splits=10, random_state=None, shuffle=False), round=4, cross_validation=True, predict=True, fit_kwargs={}, groups=None, refit=False, verbose=False, system=False, metrics=None, add_to_model_list=True, probability_threshold=None, display=<pycaret.internal.Display.Display object at 0x7fce1013dac0>, kwargs={})
2022-03-02 12:12:41,648:INFO:Checking exceptions
2022-03-02 12:12:41,649:INFO:Importing libraries
2022-03-02 12:12:41,652:INFO:Copying training dataset
2022-03-02 12:12:41,655:INFO:Defining folds
2022-03-02 12:12:41,656:INFO:Declaring metric variables
2022-03-02 12:12:41,676:INFO:Importing untrained model
2022-03-02 12:12:41,694:INFO:K Neighbors Classifier Imported succesfully
2022-03-02 12:12:41,736:INFO:Starting cross validation
2022-03-02 12:12:41,741:INFO:Cross validating with StratifiedKFold(n_splits=10, random_state=None, shuffle=False), n_jobs=-1
2022-03-02 12:12:43,603:INFO:Calculating mean and std
2022-03-02 12:12:43,835:INFO:Creating metrics dataframe
2022-03-02 12:12:44,055:INFO:Uploading results into container
2022-03-02 12:12:44,065:INFO:Uploading model into container now
2022-03-02 12:12:44,068:INFO:create_model_container: 3
2022-03-02 12:12:44,070:INFO:master_model_container: 3
2022-03-02 12:12:44,072:INFO:display_container: 2
2022-03-02 12:12:44,079:INFO:KNeighborsClassifier(algorithm='auto', leaf_size=30, metric='minkowski',
                     metric_params=None, n_jobs=-1, n_neighbors=5, p=2,
                     weights='uniform')
2022-03-02 12:12:44,081:INFO:create_model() succesfully completed......................................
2022-03-02 12:12:44,350:INFO:SubProcess create_model() end ==================================
2022-03-02 12:12:44,354:INFO:Creating metrics dataframe
2022-03-02 12:12:44,548:INFO:Initializing create_model()
2022-03-02 12:12:44,550:INFO:create_model(estimator=GaussianNB(priors=None, var_smoothing=1e-09), fold=StratifiedKFold(n_splits=10, random_state=None, shuffle=False), round=4, cross_validation=False, predict=False, fit_kwargs={}, groups=None, refit=True, verbose=False, system=False, metrics=None, add_to_model_list=True, probability_threshold=None, display=None, kwargs={})
2022-03-02 12:12:44,551:INFO:Checking exceptions
2022-03-02 12:12:44,552:INFO:Importing libraries
2022-03-02 12:12:44,554:INFO:Copying training dataset
2022-03-02 12:12:44,557:INFO:Defining folds
2022-03-02 12:12:44,557:INFO:Declaring metric variables
2022-03-02 12:12:44,558:INFO:Importing untrained model
2022-03-02 12:12:44,559:INFO:Declaring custom model
2022-03-02 12:12:44,561:INFO:Naive Bayes Imported succesfully
2022-03-02 12:12:44,562:INFO:Cross validation set to False
2022-03-02 12:12:44,563:INFO:Fitting Model
2022-03-02 12:12:44,607:INFO:GaussianNB(priors=None, var_smoothing=1e-09)
2022-03-02 12:12:44,628:INFO:create_models() succesfully completed......................................
2022-03-02 12:12:44,995:INFO:Initializing create_model()
2022-03-02 12:12:44,999:INFO:create_model(estimator=RandomForestClassifier(bootstrap=True, ccp_alpha=0.0, class_weight=None,
                       criterion='gini', max_depth=None, max_features='auto',
                       max_leaf_nodes=None, max_samples=None,
                       min_impurity_decrease=0.0, min_impurity_split=None,
                       min_samples_leaf=1, min_samples_split=2,
                       min_weight_fraction_leaf=0.0, n_estimators=100,
                       n_jobs=-1, oob_score=False, random_state=1337, verbose=0,
                       warm_start=False), fold=StratifiedKFold(n_splits=10, random_state=None, shuffle=False), round=4, cross_validation=False, predict=False, fit_kwargs={}, groups=None, refit=True, verbose=False, system=False, metrics=None, add_to_model_list=True, probability_threshold=None, display=None, kwargs={})
2022-03-02 12:12:45,001:INFO:Checking exceptions
2022-03-02 12:12:45,002:INFO:Importing libraries
2022-03-02 12:12:45,004:INFO:Copying training dataset
2022-03-02 12:12:45,006:INFO:Defining folds
2022-03-02 12:12:45,007:INFO:Declaring metric variables
2022-03-02 12:12:45,008:INFO:Importing untrained model
2022-03-02 12:12:45,009:INFO:Declaring custom model
2022-03-02 12:12:45,012:INFO:Random Forest Classifier Imported succesfully
2022-03-02 12:12:45,013:INFO:Cross validation set to False
2022-03-02 12:12:45,014:INFO:Fitting Model
2022-03-02 12:12:45,971:INFO:RandomForestClassifier(bootstrap=True, ccp_alpha=0.0, class_weight=None,
                       criterion='gini', max_depth=None, max_features='auto',
                       max_leaf_nodes=None, max_samples=None,
                       min_impurity_decrease=0.0, min_impurity_split=None,
                       min_samples_leaf=1, min_samples_split=2,
                       min_weight_fraction_leaf=0.0, n_estimators=100,
                       n_jobs=-1, oob_score=False, random_state=1337, verbose=0,
                       warm_start=False)
2022-03-02 12:12:45,973:INFO:create_models() succesfully completed......................................
2022-03-02 12:12:46,229:INFO:Initializing create_model()
2022-03-02 12:12:46,236:INFO:create_model(estimator=KNeighborsClassifier(algorithm='auto', leaf_size=30, metric='minkowski',
                     metric_params=None, n_jobs=-1, n_neighbors=5, p=2,
                     weights='uniform'), fold=StratifiedKFold(n_splits=10, random_state=None, shuffle=False), round=4, cross_validation=False, predict=False, fit_kwargs={}, groups=None, refit=True, verbose=False, system=False, metrics=None, add_to_model_list=True, probability_threshold=None, display=None, kwargs={})
2022-03-02 12:12:46,239:INFO:Checking exceptions
2022-03-02 12:12:46,240:INFO:Importing libraries
2022-03-02 12:12:46,245:INFO:Copying training dataset
2022-03-02 12:12:46,260:INFO:Defining folds
2022-03-02 12:12:46,265:INFO:Declaring metric variables
2022-03-02 12:12:46,266:INFO:Importing untrained model
2022-03-02 12:12:46,268:INFO:Declaring custom model
2022-03-02 12:12:46,274:INFO:K Neighbors Classifier Imported succesfully
2022-03-02 12:12:46,277:INFO:Cross validation set to False
2022-03-02 12:12:46,278:INFO:Fitting Model
2022-03-02 12:12:46,320:INFO:KNeighborsClassifier(algorithm='auto', leaf_size=30, metric='minkowski',
                     metric_params=None, n_jobs=-1, n_neighbors=5, p=2,
                     weights='uniform')
2022-03-02 12:12:46,328:INFO:create_models() succesfully completed......................................
2022-03-02 12:12:46,680:INFO:create_model_container: 3
2022-03-02 12:12:46,696:INFO:master_model_container: 3
2022-03-02 12:12:46,697:INFO:display_container: 2
2022-03-02 12:12:46,708:INFO:[GaussianNB(priors=None, var_smoothing=1e-09), RandomForestClassifier(bootstrap=True, ccp_alpha=0.0, class_weight=None,
                       criterion='gini', max_depth=None, max_features='auto',
                       max_leaf_nodes=None, max_samples=None,
                       min_impurity_decrease=0.0, min_impurity_split=None,
                       min_samples_leaf=1, min_samples_split=2,
                       min_weight_fraction_leaf=0.0, n_estimators=100,
                       n_jobs=-1, oob_score=False, random_state=1337, verbose=0,
                       warm_start=False), KNeighborsClassifier(algorithm='auto', leaf_size=30, metric='minkowski',
                     metric_params=None, n_jobs=-1, n_neighbors=5, p=2,
                     weights='uniform')]
2022-03-02 12:12:46,710:INFO:compare_models() succesfully completed......................................
2022-03-02 12:12:47,197:INFO:Initializing tune_model()
2022-03-02 12:12:47,198:INFO:tune_model(estimator=GaussianNB(priors=None, var_smoothing=1e-09), fold=None, round=4, n_iter=10, custom_grid=None, optimize=Accuracy, custom_scorer=None, search_library=scikit-learn, search_algorithm=random, early_stopping=False, early_stopping_max_iters=10, choose_better=False, fit_kwargs=None, groups=None, return_tuner=False, verbose=True, tuner_verbose=True, display=None, kwargs={})
2022-03-02 12:12:47,199:INFO:Checking exceptions
2022-03-02 12:12:47,227:INFO:Preparing display monitor
2022-03-02 12:12:47,373:INFO:Copying training dataset
2022-03-02 12:12:47,388:INFO:Checking base model
2022-03-02 12:12:47,389:INFO:Base model : Naive Bayes
2022-03-02 12:12:47,431:INFO:Declaring metric variables
2022-03-02 12:12:47,449:INFO:Defining Hyperparameters
2022-03-02 12:12:47,658:INFO:Tuning with n_jobs=-1
2022-03-02 12:12:47,661:INFO:Initializing RandomizedSearchCV
2022-03-02 12:12:48,433:INFO:best_params: {'actual_estimator__var_smoothing': 2e-07}
2022-03-02 12:12:48,440:INFO:Hyperparameter search completed
2022-03-02 12:12:48,441:INFO:SubProcess create_model() called ==================================
2022-03-02 12:12:48,444:INFO:Initializing create_model()
2022-03-02 12:12:48,445:INFO:create_model(estimator=GaussianNB(priors=None, var_smoothing=1e-09), fold=StratifiedKFold(n_splits=10, random_state=None, shuffle=False), round=4, cross_validation=True, predict=True, fit_kwargs={}, groups=None, refit=True, verbose=True, system=False, metrics=None, add_to_model_list=True, probability_threshold=None, display=<pycaret.internal.Display.Display object at 0x7fce100e0580>, kwargs={'var_smoothing': 2e-07})
2022-03-02 12:12:48,446:INFO:Checking exceptions
2022-03-02 12:12:48,447:INFO:Importing libraries
2022-03-02 12:12:48,449:INFO:Copying training dataset
2022-03-02 12:12:48,453:INFO:Defining folds
2022-03-02 12:12:48,456:INFO:Declaring metric variables
2022-03-02 12:12:48,479:INFO:Importing untrained model
2022-03-02 12:12:48,482:INFO:Declaring custom model
2022-03-02 12:12:48,497:INFO:Naive Bayes Imported succesfully
2022-03-02 12:12:48,524:INFO:Starting cross validation
2022-03-02 12:12:48,528:INFO:Cross validating with StratifiedKFold(n_splits=10, random_state=None, shuffle=False), n_jobs=-1
2022-03-02 12:12:48,638:INFO:Calculating mean and std
2022-03-02 12:12:48,647:INFO:Creating metrics dataframe
2022-03-02 12:12:48,686:INFO:Finalizing model
2022-03-02 12:12:48,693:INFO:Uploading results into container
2022-03-02 12:12:48,695:INFO:Uploading model into container now
2022-03-02 12:12:48,696:INFO:create_model_container: 4
2022-03-02 12:12:48,697:INFO:master_model_container: 4
2022-03-02 12:12:48,699:INFO:display_container: 3
2022-03-02 12:12:48,703:INFO:GaussianNB(priors=None, var_smoothing=2e-07)
2022-03-02 12:12:48,704:INFO:create_model() succesfully completed......................................
2022-03-02 12:12:48,880:INFO:SubProcess create_model() end ==================================
2022-03-02 12:12:48,928:INFO:create_model_container: 4
2022-03-02 12:12:48,930:INFO:master_model_container: 4
2022-03-02 12:12:48,931:INFO:display_container: 3
2022-03-02 12:12:48,932:INFO:GaussianNB(priors=None, var_smoothing=2e-07)
2022-03-02 12:12:48,933:INFO:tune_model() succesfully completed......................................
2022-03-02 12:12:49,124:INFO:Initializing tune_model()
2022-03-02 12:12:49,127:INFO:tune_model(estimator=RandomForestClassifier(bootstrap=True, ccp_alpha=0.0, class_weight=None,
                       criterion='gini', max_depth=None, max_features='auto',
                       max_leaf_nodes=None, max_samples=None,
                       min_impurity_decrease=0.0, min_impurity_split=None,
                       min_samples_leaf=1, min_samples_split=2,
                       min_weight_fraction_leaf=0.0, n_estimators=100,
                       n_jobs=-1, oob_score=False, random_state=1337, verbose=0,
                       warm_start=False), fold=None, round=4, n_iter=10, custom_grid=None, optimize=Accuracy, custom_scorer=None, search_library=scikit-learn, search_algorithm=random, early_stopping=False, early_stopping_max_iters=10, choose_better=False, fit_kwargs=None, groups=None, return_tuner=False, verbose=True, tuner_verbose=True, display=None, kwargs={})
2022-03-02 12:12:49,129:INFO:Checking exceptions
2022-03-02 12:12:49,146:INFO:Preparing display monitor
2022-03-02 12:12:49,201:INFO:Copying training dataset
2022-03-02 12:12:49,207:INFO:Checking base model
2022-03-02 12:12:49,211:INFO:Base model : Random Forest Classifier
2022-03-02 12:12:49,232:INFO:Declaring metric variables
2022-03-02 12:12:49,253:INFO:Defining Hyperparameters
2022-03-02 12:12:49,465:INFO:Tuning with n_jobs=-1
2022-03-02 12:12:49,467:INFO:Initializing RandomizedSearchCV
2022-03-02 12:13:50,359:INFO:best_params: {'actual_estimator__n_estimators': 160, 'actual_estimator__min_samples_split': 10, 'actual_estimator__min_samples_leaf': 2, 'actual_estimator__min_impurity_decrease': 0.5, 'actual_estimator__max_features': 1.0, 'actual_estimator__max_depth': 10, 'actual_estimator__criterion': 'entropy', 'actual_estimator__class_weight': 'balanced_subsample', 'actual_estimator__bootstrap': True}
2022-03-02 12:13:50,505:INFO:Hyperparameter search completed
2022-03-02 12:13:50,516:INFO:SubProcess create_model() called ==================================
2022-03-02 12:13:50,564:INFO:Initializing create_model()
2022-03-02 12:13:50,568:INFO:create_model(estimator=RandomForestClassifier(bootstrap=True, ccp_alpha=0.0, class_weight=None,
                       criterion='gini', max_depth=None, max_features='auto',
                       max_leaf_nodes=None, max_samples=None,
                       min_impurity_decrease=0.0, min_impurity_split=None,
                       min_samples_leaf=1, min_samples_split=2,
                       min_weight_fraction_leaf=0.0, n_estimators=100,
                       n_jobs=-1, oob_score=False, random_state=1337, verbose=0,
                       warm_start=False), fold=StratifiedKFold(n_splits=10, random_state=None, shuffle=False), round=4, cross_validation=True, predict=True, fit_kwargs={}, groups=None, refit=True, verbose=True, system=False, metrics=None, add_to_model_list=True, probability_threshold=None, display=<pycaret.internal.Display.Display object at 0x7fce07f3d0d0>, kwargs={'n_estimators': 160, 'min_samples_split': 10, 'min_samples_leaf': 2, 'min_impurity_decrease': 0.5, 'max_features': 1.0, 'max_depth': 10, 'criterion': 'entropy', 'class_weight': 'balanced_subsample', 'bootstrap': True})
2022-03-02 12:13:50,575:INFO:Checking exceptions
2022-03-02 12:13:50,583:INFO:Importing libraries
2022-03-02 12:13:50,591:INFO:Copying training dataset
2022-03-02 12:13:50,623:INFO:Defining folds
2022-03-02 12:13:50,627:INFO:Declaring metric variables
2022-03-02 12:13:50,747:INFO:Importing untrained model
2022-03-02 12:13:50,753:INFO:Declaring custom model
2022-03-02 12:13:50,827:INFO:Random Forest Classifier Imported succesfully
2022-03-02 12:13:50,894:INFO:Starting cross validation
2022-03-02 12:13:50,906:INFO:Cross validating with StratifiedKFold(n_splits=10, random_state=None, shuffle=False), n_jobs=-1
2022-03-02 12:13:56,313:INFO:Calculating mean and std
2022-03-02 12:13:56,321:INFO:Creating metrics dataframe
2022-03-02 12:13:56,387:INFO:Finalizing model
2022-03-02 12:13:57,591:INFO:Uploading results into container
2022-03-02 12:13:57,593:INFO:Uploading model into container now
2022-03-02 12:13:57,595:INFO:create_model_container: 5
2022-03-02 12:13:57,596:INFO:master_model_container: 5
2022-03-02 12:13:57,597:INFO:display_container: 4
2022-03-02 12:13:57,600:INFO:RandomForestClassifier(bootstrap=True, ccp_alpha=0.0,
                       class_weight='balanced_subsample', criterion='entropy',
                       max_depth=10, max_features=1.0, max_leaf_nodes=None,
                       max_samples=None, min_impurity_decrease=0.5,
                       min_impurity_split=None, min_samples_leaf=2,
                       min_samples_split=10, min_weight_fraction_leaf=0.0,
                       n_estimators=160, n_jobs=-1, oob_score=False,
                       random_state=1337, verbose=0, warm_start=False)
2022-03-02 12:13:57,602:INFO:create_model() succesfully completed......................................
2022-03-02 12:13:58,185:INFO:SubProcess create_model() end ==================================
2022-03-02 12:13:58,213:INFO:create_model_container: 5
2022-03-02 12:13:58,214:INFO:master_model_container: 5
2022-03-02 12:13:58,215:INFO:display_container: 4
2022-03-02 12:13:58,216:INFO:RandomForestClassifier(bootstrap=True, ccp_alpha=0.0,
                       class_weight='balanced_subsample', criterion='entropy',
                       max_depth=10, max_features=1.0, max_leaf_nodes=None,
                       max_samples=None, min_impurity_decrease=0.5,
                       min_impurity_split=None, min_samples_leaf=2,
                       min_samples_split=10, min_weight_fraction_leaf=0.0,
                       n_estimators=160, n_jobs=-1, oob_score=False,
                       random_state=1337, verbose=0, warm_start=False)
2022-03-02 12:13:58,217:INFO:tune_model() succesfully completed......................................
2022-03-02 12:13:58,324:INFO:Initializing tune_model()
2022-03-02 12:13:58,326:INFO:tune_model(estimator=KNeighborsClassifier(algorithm='auto', leaf_size=30, metric='minkowski',
                     metric_params=None, n_jobs=-1, n_neighbors=5, p=2,
                     weights='uniform'), fold=None, round=4, n_iter=10, custom_grid=None, optimize=Accuracy, custom_scorer=None, search_library=scikit-learn, search_algorithm=random, early_stopping=False, early_stopping_max_iters=10, choose_better=False, fit_kwargs=None, groups=None, return_tuner=False, verbose=True, tuner_verbose=True, display=None, kwargs={})
2022-03-02 12:13:58,327:INFO:Checking exceptions
2022-03-02 12:13:58,331:INFO:Preparing display monitor
2022-03-02 12:13:58,360:INFO:Copying training dataset
2022-03-02 12:13:58,364:INFO:Checking base model
2022-03-02 12:13:58,365:INFO:Base model : K Neighbors Classifier
2022-03-02 12:13:58,380:INFO:Declaring metric variables
2022-03-02 12:13:58,393:INFO:Defining Hyperparameters
2022-03-02 12:13:58,507:INFO:Tuning with n_jobs=-1
2022-03-02 12:13:58,508:INFO:Initializing RandomizedSearchCV
2022-03-02 12:13:59,373:INFO:best_params: {'actual_estimator__weights': 'distance', 'actual_estimator__n_neighbors': 34, 'actual_estimator__metric': 'euclidean'}
2022-03-02 12:13:59,375:INFO:Hyperparameter search completed
2022-03-02 12:13:59,376:INFO:SubProcess create_model() called ==================================
2022-03-02 12:13:59,378:INFO:Initializing create_model()
2022-03-02 12:13:59,378:INFO:create_model(estimator=KNeighborsClassifier(algorithm='auto', leaf_size=30, metric='minkowski',
                     metric_params=None, n_jobs=-1, n_neighbors=5, p=2,
                     weights='uniform'), fold=StratifiedKFold(n_splits=10, random_state=None, shuffle=False), round=4, cross_validation=True, predict=True, fit_kwargs={}, groups=None, refit=True, verbose=True, system=False, metrics=None, add_to_model_list=True, probability_threshold=None, display=<pycaret.internal.Display.Display object at 0x7fce08050e20>, kwargs={'weights': 'distance', 'n_neighbors': 34, 'metric': 'euclidean'})
2022-03-02 12:13:59,379:INFO:Checking exceptions
2022-03-02 12:13:59,381:INFO:Importing libraries
2022-03-02 12:13:59,382:INFO:Copying training dataset
2022-03-02 12:13:59,383:INFO:Defining folds
2022-03-02 12:13:59,384:INFO:Declaring metric variables
2022-03-02 12:13:59,398:INFO:Importing untrained model
2022-03-02 12:13:59,399:INFO:Declaring custom model
2022-03-02 12:13:59,412:INFO:K Neighbors Classifier Imported succesfully
2022-03-02 12:13:59,438:INFO:Starting cross validation
2022-03-02 12:13:59,440:INFO:Cross validating with StratifiedKFold(n_splits=10, random_state=None, shuffle=False), n_jobs=-1
2022-03-02 12:13:59,592:INFO:Calculating mean and std
2022-03-02 12:13:59,595:INFO:Creating metrics dataframe
2022-03-02 12:13:59,612:INFO:Finalizing model
2022-03-02 12:13:59,617:INFO:Uploading results into container
2022-03-02 12:13:59,619:INFO:Uploading model into container now
2022-03-02 12:13:59,620:INFO:create_model_container: 6
2022-03-02 12:13:59,621:INFO:master_model_container: 6
2022-03-02 12:13:59,622:INFO:display_container: 5
2022-03-02 12:13:59,623:INFO:KNeighborsClassifier(algorithm='auto', leaf_size=30, metric='euclidean',
                     metric_params=None, n_jobs=-1, n_neighbors=34, p=2,
                     weights='distance')
2022-03-02 12:13:59,625:INFO:create_model() succesfully completed......................................
2022-03-02 12:13:59,730:INFO:SubProcess create_model() end ==================================
2022-03-02 12:13:59,755:INFO:create_model_container: 6
2022-03-02 12:13:59,757:INFO:master_model_container: 6
2022-03-02 12:13:59,758:INFO:display_container: 5
2022-03-02 12:13:59,759:INFO:KNeighborsClassifier(algorithm='auto', leaf_size=30, metric='euclidean',
                     metric_params=None, n_jobs=-1, n_neighbors=34, p=2,
                     weights='distance')
2022-03-02 12:13:59,760:INFO:tune_model() succesfully completed......................................
2022-03-02 12:19:12,693:INFO:PyCaret Supervised Module
2022-03-02 12:19:12,694:INFO:ML Usecase: classification
2022-03-02 12:19:12,695:INFO:version 2.3.6
2022-03-02 12:19:12,696:INFO:Initializing setup()
2022-03-02 12:19:12,696:INFO:setup(target=target, ml_usecase=classification, available_plots={'parameter': 'Hyperparameters', 'auc': 'AUC', 'confusion_matrix': 'Confusion Matrix', 'threshold': 'Threshold', 'pr': 'Precision Recall', 'error': 'Prediction Error', 'class_report': 'Class Report', 'rfe': 'Feature Selection', 'learning': 'Learning Curve', 'manifold': 'Manifold Learning', 'calibration': 'Calibration Curve', 'vc': 'Validation Curve', 'dimension': 'Dimensions', 'feature': 'Feature Importance', 'feature_all': 'Feature Importance (All)', 'boundary': 'Decision Boundary', 'lift': 'Lift Chart', 'gain': 'Gain Chart', 'tree': 'Decision Tree', 'ks': 'KS Statistic Plot'}, train_size=0.7, test_data=None, preprocess=True, imputation_type=simple, iterative_imputation_iters=5, categorical_features=None, categorical_imputation=constant, categorical_iterative_imputer=lightgbm, ordinal_features=None, high_cardinality_features=None, high_cardinality_method=frequency, numeric_features=None, numeric_imputation=mean, numeric_iterative_imputer=lightgbm, date_features=None, ignore_features=None, normalize=False, normalize_method=zscore, transformation=False, transformation_method=yeo-johnson, handle_unknown_categorical=True, unknown_categorical_method=least_frequent, pca=False, pca_method=linear, pca_components=None, ignore_low_variance=False, combine_rare_levels=False, rare_level_threshold=0.1, bin_numeric_features=None, remove_outliers=False, outliers_threshold=0.05, remove_multicollinearity=False, multicollinearity_threshold=0.9, remove_perfect_collinearity=True, create_clusters=False, cluster_iter=20, polynomial_features=False, polynomial_degree=2, trigonometry_features=False, polynomial_threshold=0.1, group_features=None, group_names=None, feature_selection=False, feature_selection_threshold=0.8, feature_selection_method=classic, feature_interaction=False, feature_ratio=False, interaction_threshold=0.01, fix_imbalance=False, fix_imbalance_method=None, transform_target=False, transform_target_method=box-cox, data_split_shuffle=True, data_split_stratify=False, fold_strategy=stratifiedkfold, fold=10, fold_shuffle=False, fold_groups=None, n_jobs=-1, use_gpu=False, custom_pipeline=None, html=True, session_id=1337, log_experiment=False, experiment_name=None, log_plots=False, log_profile=False, log_data=False, silent=True, verbose=False, profile=False, profile_kwargs=None, display=None)
2022-03-02 12:19:12,697:INFO:Checking environment
2022-03-02 12:19:12,698:INFO:python_version: 3.8.12
2022-03-02 12:19:12,699:INFO:python_build: ('default', 'Feb  8 2022 05:22:14')
2022-03-02 12:19:12,700:INFO:machine: x86_64
2022-03-02 12:19:12,700:INFO:platform: Linux-5.10.76-linuxkit-x86_64-with-glibc2.2.5
2022-03-02 12:19:12,701:WARNING:cannot find psutil installation. memory not traceable. Install psutil using pip to enable memory logging.
2022-03-02 12:19:12,702:INFO:Checking libraries
2022-03-02 12:19:12,702:INFO:pd==1.3.4
2022-03-02 12:19:12,703:INFO:numpy==1.19.5
2022-03-02 12:19:12,704:INFO:sklearn==0.23.2
2022-03-02 12:19:12,704:INFO:lightgbm==3.3.2
2022-03-02 12:19:12,705:WARNING:catboost not found
2022-03-02 12:19:12,706:WARNING:xgboost not found
2022-03-02 12:19:13,168:INFO:mlflow==1.23.1
2022-03-02 12:19:13,170:INFO:Checking Exceptions
2022-03-02 12:19:13,171:INFO:Declaring global variables
2022-03-02 12:19:13,171:INFO:USI: 1cb9
2022-03-02 12:19:13,172:INFO:pycaret_globals: {'imputation_regressor', 'X_train', 'exp_name_log', 'X', 'fix_imbalance_param', 'target_param', 'seed', 'master_model_container', 'prep_pipe', 'fold_param', 'transform_target_method_param', '_all_metrics', '_gpu_n_jobs_param', 'html_param', 'transform_target_param', 'X_test', 'pycaret_globals', '_all_models_internal', 'logging_param', 'iterative_imputation_iters_param', 'gpu_param', 'fold_groups_param_full', 'data_before_preprocess', '_all_models', 'fold_groups_param', 'fix_imbalance_method_param', 'y_test', '_available_plots', 'y_train', 'create_model_container', 'experiment__', '_internal_pipeline', 'stratify_param', 'USI', 'y', 'log_plots_param', 'imputation_classifier', 'fold_generator', '_ml_usecase', 'fold_shuffle_param', 'n_jobs_param', 'display_container'}
2022-03-02 12:19:13,173:INFO:Preparing display monitor
2022-03-02 12:19:13,174:INFO:Importing libraries
2022-03-02 12:19:13,174:INFO:Copying data for preprocessing
2022-03-02 12:19:13,175:INFO:Declaring preprocessing parameters
2022-03-02 12:19:13,177:INFO:Creating preprocessing pipeline
2022-03-02 12:19:13,183:INFO:Preprocessing pipeline created successfully
2022-03-02 12:19:13,184:ERROR:(Process Exit): setup has been interupted with user command 'quit'. setup must rerun.
2022-03-02 12:19:13,185:INFO:Creating global containers
2022-03-02 12:19:13,187:INFO:Internal pipeline: Pipeline(memory=None, steps=[('empty_step', 'passthrough')], verbose=False)
2022-03-02 12:19:13,309:WARNING:Couldn't import xgboost.XGBClassifier
2022-03-02 12:19:13,311:WARNING:Couldn't import catboost.CatBoostClassifier
2022-03-02 12:19:13,377:WARNING:Couldn't import xgboost.XGBClassifier
2022-03-02 12:19:13,379:WARNING:Couldn't import catboost.CatBoostClassifier
2022-03-02 12:19:13,380:INFO:Creating grid variables
2022-03-02 12:19:13,383:INFO:create_model_container: 0
2022-03-02 12:19:13,384:INFO:master_model_container: 0
2022-03-02 12:19:13,385:INFO:display_container: 1
2022-03-02 12:19:13,390:INFO:Pipeline(memory=None,
         steps=[('dtypes',
                 DataTypes_Auto_infer(categorical_features=[],
                                      display_types=False, features_todrop=[],
                                      id_columns=[],
                                      ml_usecase='classification',
                                      numerical_features=[], target='target',
                                      time_features=[])),
                ('imputer',
                 Simple_Imputer(categorical_strategy='not_available',
                                fill_value_categorical=None,
                                fill_value_numerical=None,
                                numeric_stra...
                ('scaling', 'passthrough'), ('P_transform', 'passthrough'),
                ('binn', 'passthrough'), ('rem_outliers', 'passthrough'),
                ('cluster_all', 'passthrough'),
                ('dummy', Dummify(target='target')),
                ('fix_perfect', Remove_100(target='target')),
                ('clean_names', Clean_Colum_Names()),
                ('feature_select', 'passthrough'), ('fix_multi', 'passthrough'),
                ('dfs', 'passthrough'), ('pca', 'passthrough')],
         verbose=False)
2022-03-02 12:19:13,391:INFO:setup() succesfully completed......................................
2022-03-02 12:19:13,572:INFO:Initializing compare_models()
2022-03-02 12:19:13,574:INFO:compare_models(include=['nb', 'rf', 'knn'], fold=None, round=4, cross_validation=True, sort=Accuracy, n_select=3, budget_time=None, turbo=True, errors=ignore, fit_kwargs=None, groups=None, probability_threshold=None, verbose=True, display=None, exclude=None)
2022-03-02 12:19:13,575:INFO:Checking exceptions
2022-03-02 12:19:13,576:INFO:Preparing display monitor
2022-03-02 12:19:13,578:INFO:Preparing display monitor
2022-03-02 12:19:13,617:INFO:Initializing Naive Bayes
2022-03-02 12:19:13,618:INFO:Total runtime is 1.84019406636556e-05 minutes
2022-03-02 12:19:13,631:INFO:SubProcess create_model() called ==================================
2022-03-02 12:19:13,633:INFO:Initializing create_model()
2022-03-02 12:19:13,634:INFO:create_model(estimator=nb, fold=StratifiedKFold(n_splits=10, random_state=None, shuffle=False), round=4, cross_validation=True, predict=True, fit_kwargs={}, groups=None, refit=False, verbose=False, system=False, metrics=None, add_to_model_list=True, probability_threshold=None, display=<pycaret.internal.Display.Display object at 0x7fb1c55d4d90>, kwargs={})
2022-03-02 12:19:13,635:INFO:Checking exceptions
2022-03-02 12:19:13,636:INFO:Importing libraries
2022-03-02 12:19:13,637:INFO:Copying training dataset
2022-03-02 12:19:13,638:INFO:Defining folds
2022-03-02 12:19:13,639:INFO:Declaring metric variables
2022-03-02 12:19:13,649:INFO:Importing untrained model
2022-03-02 12:19:13,660:INFO:Naive Bayes Imported succesfully
2022-03-02 12:19:13,685:INFO:Starting cross validation
2022-03-02 12:19:13,687:INFO:Cross validating with StratifiedKFold(n_splits=10, random_state=None, shuffle=False), n_jobs=-1
2022-03-02 12:19:18,677:INFO:Calculating mean and std
2022-03-02 12:19:18,684:INFO:Creating metrics dataframe
2022-03-02 12:19:18,703:INFO:Uploading results into container
2022-03-02 12:19:18,704:INFO:Uploading model into container now
2022-03-02 12:19:18,707:INFO:create_model_container: 1
2022-03-02 12:19:18,708:INFO:master_model_container: 1
2022-03-02 12:19:18,709:INFO:display_container: 2
2022-03-02 12:19:18,712:INFO:GaussianNB(priors=None, var_smoothing=1e-09)
2022-03-02 12:19:18,715:INFO:create_model() succesfully completed......................................
2022-03-02 12:19:18,917:INFO:SubProcess create_model() end ==================================
2022-03-02 12:19:18,918:INFO:Creating metrics dataframe
2022-03-02 12:19:18,947:INFO:Initializing Random Forest Classifier
2022-03-02 12:19:18,948:INFO:Total runtime is 0.08885976473490398 minutes
2022-03-02 12:19:18,964:INFO:SubProcess create_model() called ==================================
2022-03-02 12:19:18,966:INFO:Initializing create_model()
2022-03-02 12:19:18,966:INFO:create_model(estimator=rf, fold=StratifiedKFold(n_splits=10, random_state=None, shuffle=False), round=4, cross_validation=True, predict=True, fit_kwargs={}, groups=None, refit=False, verbose=False, system=False, metrics=None, add_to_model_list=True, probability_threshold=None, display=<pycaret.internal.Display.Display object at 0x7fb1c55d4d90>, kwargs={})
2022-03-02 12:19:18,967:INFO:Checking exceptions
2022-03-02 12:19:18,968:INFO:Importing libraries
2022-03-02 12:19:18,969:INFO:Copying training dataset
2022-03-02 12:19:18,972:INFO:Defining folds
2022-03-02 12:19:18,973:INFO:Declaring metric variables
2022-03-02 12:19:18,988:INFO:Importing untrained model
2022-03-02 12:19:19,007:INFO:Random Forest Classifier Imported succesfully
2022-03-02 12:19:19,053:INFO:Starting cross validation
2022-03-02 12:19:19,056:INFO:Cross validating with StratifiedKFold(n_splits=10, random_state=None, shuffle=False), n_jobs=-1
2022-03-02 12:19:22,183:INFO:Calculating mean and std
2022-03-02 12:19:22,185:INFO:Creating metrics dataframe
2022-03-02 12:19:22,192:INFO:Uploading results into container
2022-03-02 12:19:22,193:INFO:Uploading model into container now
2022-03-02 12:19:22,194:INFO:create_model_container: 2
2022-03-02 12:19:22,195:INFO:master_model_container: 2
2022-03-02 12:19:22,195:INFO:display_container: 2
2022-03-02 12:19:22,197:INFO:RandomForestClassifier(bootstrap=True, ccp_alpha=0.0, class_weight=None,
                       criterion='gini', max_depth=None, max_features='auto',
                       max_leaf_nodes=None, max_samples=None,
                       min_impurity_decrease=0.0, min_impurity_split=None,
                       min_samples_leaf=1, min_samples_split=2,
                       min_weight_fraction_leaf=0.0, n_estimators=100,
                       n_jobs=-1, oob_score=False, random_state=1337, verbose=0,
                       warm_start=False)
2022-03-02 12:19:22,199:INFO:create_model() succesfully completed......................................
2022-03-02 12:19:22,301:INFO:SubProcess create_model() end ==================================
2022-03-02 12:19:22,302:INFO:Creating metrics dataframe
2022-03-02 12:19:22,326:INFO:Initializing K Neighbors Classifier
2022-03-02 12:19:22,327:INFO:Total runtime is 0.1451691468556722 minutes
2022-03-02 12:19:22,339:INFO:SubProcess create_model() called ==================================
2022-03-02 12:19:22,340:INFO:Initializing create_model()
2022-03-02 12:19:22,341:INFO:create_model(estimator=knn, fold=StratifiedKFold(n_splits=10, random_state=None, shuffle=False), round=4, cross_validation=True, predict=True, fit_kwargs={}, groups=None, refit=False, verbose=False, system=False, metrics=None, add_to_model_list=True, probability_threshold=None, display=<pycaret.internal.Display.Display object at 0x7fb1c55d4d90>, kwargs={})
2022-03-02 12:19:22,343:INFO:Checking exceptions
2022-03-02 12:19:22,343:INFO:Importing libraries
2022-03-02 12:19:22,344:INFO:Copying training dataset
2022-03-02 12:19:22,346:INFO:Defining folds
2022-03-02 12:19:22,346:INFO:Declaring metric variables
2022-03-02 12:19:22,357:INFO:Importing untrained model
2022-03-02 12:19:22,368:INFO:K Neighbors Classifier Imported succesfully
2022-03-02 12:19:22,392:INFO:Starting cross validation
2022-03-02 12:19:22,395:INFO:Cross validating with StratifiedKFold(n_splits=10, random_state=None, shuffle=False), n_jobs=-1
2022-03-02 12:19:22,529:INFO:Calculating mean and std
2022-03-02 12:19:22,536:INFO:Creating metrics dataframe
2022-03-02 12:19:22,567:INFO:Uploading results into container
2022-03-02 12:19:22,571:INFO:Uploading model into container now
2022-03-02 12:19:22,575:INFO:create_model_container: 3
2022-03-02 12:19:22,578:INFO:master_model_container: 3
2022-03-02 12:19:22,582:INFO:display_container: 2
2022-03-02 12:19:22,587:INFO:KNeighborsClassifier(algorithm='auto', leaf_size=30, metric='minkowski',
                     metric_params=None, n_jobs=-1, n_neighbors=5, p=2,
                     weights='uniform')
2022-03-02 12:19:22,592:INFO:create_model() succesfully completed......................................
2022-03-02 12:19:22,739:INFO:SubProcess create_model() end ==================================
2022-03-02 12:19:22,740:INFO:Creating metrics dataframe
2022-03-02 12:19:22,794:INFO:Initializing create_model()
2022-03-02 12:19:22,796:INFO:create_model(estimator=GaussianNB(priors=None, var_smoothing=1e-09), fold=StratifiedKFold(n_splits=10, random_state=None, shuffle=False), round=4, cross_validation=False, predict=False, fit_kwargs={}, groups=None, refit=True, verbose=False, system=False, metrics=None, add_to_model_list=True, probability_threshold=None, display=None, kwargs={})
2022-03-02 12:19:22,797:INFO:Checking exceptions
2022-03-02 12:19:22,798:INFO:Importing libraries
2022-03-02 12:19:22,799:INFO:Copying training dataset
2022-03-02 12:19:22,801:INFO:Defining folds
2022-03-02 12:19:22,802:INFO:Declaring metric variables
2022-03-02 12:19:22,803:INFO:Importing untrained model
2022-03-02 12:19:22,804:INFO:Declaring custom model
2022-03-02 12:19:22,805:INFO:Naive Bayes Imported succesfully
2022-03-02 12:19:22,806:INFO:Cross validation set to False
2022-03-02 12:19:22,807:INFO:Fitting Model
2022-03-02 12:19:22,813:INFO:GaussianNB(priors=None, var_smoothing=1e-09)
2022-03-02 12:19:22,814:INFO:create_models() succesfully completed......................................
2022-03-02 12:19:22,928:INFO:Initializing create_model()
2022-03-02 12:19:22,930:INFO:create_model(estimator=RandomForestClassifier(bootstrap=True, ccp_alpha=0.0, class_weight=None,
                       criterion='gini', max_depth=None, max_features='auto',
                       max_leaf_nodes=None, max_samples=None,
                       min_impurity_decrease=0.0, min_impurity_split=None,
                       min_samples_leaf=1, min_samples_split=2,
                       min_weight_fraction_leaf=0.0, n_estimators=100,
                       n_jobs=-1, oob_score=False, random_state=1337, verbose=0,
                       warm_start=False), fold=StratifiedKFold(n_splits=10, random_state=None, shuffle=False), round=4, cross_validation=False, predict=False, fit_kwargs={}, groups=None, refit=True, verbose=False, system=False, metrics=None, add_to_model_list=True, probability_threshold=None, display=None, kwargs={})
2022-03-02 12:19:22,931:INFO:Checking exceptions
2022-03-02 12:19:22,932:INFO:Importing libraries
2022-03-02 12:19:22,933:INFO:Copying training dataset
2022-03-02 12:19:22,935:INFO:Defining folds
2022-03-02 12:19:22,936:INFO:Declaring metric variables
2022-03-02 12:19:22,937:INFO:Importing untrained model
2022-03-02 12:19:22,938:INFO:Declaring custom model
2022-03-02 12:19:22,940:INFO:Random Forest Classifier Imported succesfully
2022-03-02 12:19:22,941:INFO:Cross validation set to False
2022-03-02 12:19:22,942:INFO:Fitting Model
2022-03-02 12:19:23,349:INFO:RandomForestClassifier(bootstrap=True, ccp_alpha=0.0, class_weight=None,
                       criterion='gini', max_depth=None, max_features='auto',
                       max_leaf_nodes=None, max_samples=None,
                       min_impurity_decrease=0.0, min_impurity_split=None,
                       min_samples_leaf=1, min_samples_split=2,
                       min_weight_fraction_leaf=0.0, n_estimators=100,
                       n_jobs=-1, oob_score=False, random_state=1337, verbose=0,
                       warm_start=False)
2022-03-02 12:19:23,350:INFO:create_models() succesfully completed......................................
2022-03-02 12:19:23,457:INFO:Initializing create_model()
2022-03-02 12:19:23,460:INFO:create_model(estimator=KNeighborsClassifier(algorithm='auto', leaf_size=30, metric='minkowski',
                     metric_params=None, n_jobs=-1, n_neighbors=5, p=2,
                     weights='uniform'), fold=StratifiedKFold(n_splits=10, random_state=None, shuffle=False), round=4, cross_validation=False, predict=False, fit_kwargs={}, groups=None, refit=True, verbose=False, system=False, metrics=None, add_to_model_list=True, probability_threshold=None, display=None, kwargs={})
2022-03-02 12:19:23,461:INFO:Checking exceptions
2022-03-02 12:19:23,462:INFO:Importing libraries
2022-03-02 12:19:23,463:INFO:Copying training dataset
2022-03-02 12:19:23,464:INFO:Defining folds
2022-03-02 12:19:23,465:INFO:Declaring metric variables
2022-03-02 12:19:23,466:INFO:Importing untrained model
2022-03-02 12:19:23,466:INFO:Declaring custom model
2022-03-02 12:19:23,468:INFO:K Neighbors Classifier Imported succesfully
2022-03-02 12:19:23,469:INFO:Cross validation set to False
2022-03-02 12:19:23,470:INFO:Fitting Model
2022-03-02 12:19:23,474:INFO:KNeighborsClassifier(algorithm='auto', leaf_size=30, metric='minkowski',
                     metric_params=None, n_jobs=-1, n_neighbors=5, p=2,
                     weights='uniform')
2022-03-02 12:19:23,476:INFO:create_models() succesfully completed......................................
2022-03-02 12:19:23,615:INFO:create_model_container: 3
2022-03-02 12:19:23,616:INFO:master_model_container: 3
2022-03-02 12:19:23,617:INFO:display_container: 2
2022-03-02 12:19:23,619:INFO:[GaussianNB(priors=None, var_smoothing=1e-09), RandomForestClassifier(bootstrap=True, ccp_alpha=0.0, class_weight=None,
                       criterion='gini', max_depth=None, max_features='auto',
                       max_leaf_nodes=None, max_samples=None,
                       min_impurity_decrease=0.0, min_impurity_split=None,
                       min_samples_leaf=1, min_samples_split=2,
                       min_weight_fraction_leaf=0.0, n_estimators=100,
                       n_jobs=-1, oob_score=False, random_state=1337, verbose=0,
                       warm_start=False), KNeighborsClassifier(algorithm='auto', leaf_size=30, metric='minkowski',
                     metric_params=None, n_jobs=-1, n_neighbors=5, p=2,
                     weights='uniform')]
2022-03-02 12:19:23,620:INFO:compare_models() succesfully completed......................................
2022-03-02 12:19:23,965:INFO:Initializing tune_model()
2022-03-02 12:19:23,966:INFO:tune_model(estimator=GaussianNB(priors=None, var_smoothing=1e-09), fold=None, round=4, n_iter=10, custom_grid=None, optimize=Accuracy, custom_scorer=None, search_library=scikit-learn, search_algorithm=random, early_stopping=False, early_stopping_max_iters=10, choose_better=False, fit_kwargs=None, groups=None, return_tuner=False, verbose=True, tuner_verbose=True, display=None, kwargs={})
2022-03-02 12:19:23,967:INFO:Checking exceptions
2022-03-02 12:19:23,968:INFO:Preparing display monitor
2022-03-02 12:19:23,991:INFO:Copying training dataset
2022-03-02 12:19:23,993:INFO:Checking base model
2022-03-02 12:19:23,994:INFO:Base model : Naive Bayes
2022-03-02 12:19:24,005:INFO:Declaring metric variables
2022-03-02 12:19:24,016:INFO:Defining Hyperparameters
2022-03-02 12:19:24,120:INFO:Tuning with n_jobs=-1
2022-03-02 12:19:24,122:INFO:Initializing RandomizedSearchCV
2022-03-02 12:19:24,598:INFO:best_params: {'actual_estimator__var_smoothing': 2e-07}
2022-03-02 12:19:24,602:INFO:Hyperparameter search completed
2022-03-02 12:19:24,603:INFO:SubProcess create_model() called ==================================
2022-03-02 12:19:24,605:INFO:Initializing create_model()
2022-03-02 12:19:24,606:INFO:create_model(estimator=GaussianNB(priors=None, var_smoothing=1e-09), fold=StratifiedKFold(n_splits=10, random_state=None, shuffle=False), round=4, cross_validation=True, predict=True, fit_kwargs={}, groups=None, refit=True, verbose=True, system=False, metrics=None, add_to_model_list=True, probability_threshold=None, display=<pycaret.internal.Display.Display object at 0x7fb1bff0c3a0>, kwargs={'var_smoothing': 2e-07})
2022-03-02 12:19:24,609:INFO:Checking exceptions
2022-03-02 12:19:24,610:INFO:Importing libraries
2022-03-02 12:19:24,611:INFO:Copying training dataset
2022-03-02 12:19:24,615:INFO:Defining folds
2022-03-02 12:19:24,617:INFO:Declaring metric variables
2022-03-02 12:19:24,637:INFO:Importing untrained model
2022-03-02 12:19:24,639:INFO:Declaring custom model
2022-03-02 12:19:24,655:INFO:Naive Bayes Imported succesfully
2022-03-02 12:19:24,694:INFO:Starting cross validation
2022-03-02 12:19:24,697:INFO:Cross validating with StratifiedKFold(n_splits=10, random_state=None, shuffle=False), n_jobs=-1
2022-03-02 12:19:24,747:INFO:Calculating mean and std
2022-03-02 12:19:24,751:INFO:Creating metrics dataframe
2022-03-02 12:19:24,770:INFO:Finalizing model
2022-03-02 12:19:24,777:INFO:Uploading results into container
2022-03-02 12:19:24,778:INFO:Uploading model into container now
2022-03-02 12:19:24,779:INFO:create_model_container: 4
2022-03-02 12:19:24,780:INFO:master_model_container: 4
2022-03-02 12:19:24,781:INFO:display_container: 3
2022-03-02 12:19:24,782:INFO:GaussianNB(priors=None, var_smoothing=2e-07)
2022-03-02 12:19:24,783:INFO:create_model() succesfully completed......................................
2022-03-02 12:19:24,892:INFO:SubProcess create_model() end ==================================
2022-03-02 12:19:24,913:INFO:create_model_container: 4
2022-03-02 12:19:24,914:INFO:master_model_container: 4
2022-03-02 12:19:24,915:INFO:display_container: 3
2022-03-02 12:19:24,916:INFO:GaussianNB(priors=None, var_smoothing=2e-07)
2022-03-02 12:19:24,917:INFO:tune_model() succesfully completed......................................
2022-03-02 12:19:25,018:INFO:Initializing tune_model()
2022-03-02 12:19:25,019:INFO:tune_model(estimator=RandomForestClassifier(bootstrap=True, ccp_alpha=0.0, class_weight=None,
                       criterion='gini', max_depth=None, max_features='auto',
                       max_leaf_nodes=None, max_samples=None,
                       min_impurity_decrease=0.0, min_impurity_split=None,
                       min_samples_leaf=1, min_samples_split=2,
                       min_weight_fraction_leaf=0.0, n_estimators=100,
                       n_jobs=-1, oob_score=False, random_state=1337, verbose=0,
                       warm_start=False), fold=None, round=4, n_iter=10, custom_grid=None, optimize=Accuracy, custom_scorer=None, search_library=scikit-learn, search_algorithm=random, early_stopping=False, early_stopping_max_iters=10, choose_better=False, fit_kwargs=None, groups=None, return_tuner=False, verbose=True, tuner_verbose=True, display=None, kwargs={})
2022-03-02 12:19:25,020:INFO:Checking exceptions
2022-03-02 12:19:25,022:INFO:Preparing display monitor
2022-03-02 12:19:25,047:INFO:Copying training dataset
2022-03-02 12:19:25,050:INFO:Checking base model
2022-03-02 12:19:25,051:INFO:Base model : Random Forest Classifier
2022-03-02 12:19:25,065:INFO:Declaring metric variables
2022-03-02 12:19:25,076:INFO:Defining Hyperparameters
2022-03-02 12:19:25,178:INFO:Tuning with n_jobs=-1
2022-03-02 12:19:25,180:INFO:Initializing RandomizedSearchCV
2022-03-02 12:19:33,701:INFO:best_params: {'actual_estimator__n_estimators': 160, 'actual_estimator__min_samples_split': 10, 'actual_estimator__min_samples_leaf': 2, 'actual_estimator__min_impurity_decrease': 0.5, 'actual_estimator__max_features': 1.0, 'actual_estimator__max_depth': 10, 'actual_estimator__criterion': 'entropy', 'actual_estimator__class_weight': 'balanced_subsample', 'actual_estimator__bootstrap': True}
2022-03-02 12:19:33,702:INFO:Hyperparameter search completed
2022-03-02 12:19:33,703:INFO:SubProcess create_model() called ==================================
2022-03-02 12:19:33,705:INFO:Initializing create_model()
2022-03-02 12:19:33,705:INFO:create_model(estimator=RandomForestClassifier(bootstrap=True, ccp_alpha=0.0, class_weight=None,
                       criterion='gini', max_depth=None, max_features='auto',
                       max_leaf_nodes=None, max_samples=None,
                       min_impurity_decrease=0.0, min_impurity_split=None,
                       min_samples_leaf=1, min_samples_split=2,
                       min_weight_fraction_leaf=0.0, n_estimators=100,
                       n_jobs=-1, oob_score=False, random_state=1337, verbose=0,
                       warm_start=False), fold=StratifiedKFold(n_splits=10, random_state=None, shuffle=False), round=4, cross_validation=True, predict=True, fit_kwargs={}, groups=None, refit=True, verbose=True, system=False, metrics=None, add_to_model_list=True, probability_threshold=None, display=<pycaret.internal.Display.Display object at 0x7fb2591047f0>, kwargs={'n_estimators': 160, 'min_samples_split': 10, 'min_samples_leaf': 2, 'min_impurity_decrease': 0.5, 'max_features': 1.0, 'max_depth': 10, 'criterion': 'entropy', 'class_weight': 'balanced_subsample', 'bootstrap': True})
2022-03-02 12:19:33,708:INFO:Checking exceptions
2022-03-02 12:19:33,709:INFO:Importing libraries
2022-03-02 12:19:33,710:INFO:Copying training dataset
2022-03-02 12:19:33,712:INFO:Defining folds
2022-03-02 12:19:33,713:INFO:Declaring metric variables
2022-03-02 12:19:33,726:INFO:Importing untrained model
2022-03-02 12:19:33,727:INFO:Declaring custom model
2022-03-02 12:19:33,741:INFO:Random Forest Classifier Imported succesfully
2022-03-02 12:19:33,766:INFO:Starting cross validation
2022-03-02 12:19:33,768:INFO:Cross validating with StratifiedKFold(n_splits=10, random_state=None, shuffle=False), n_jobs=-1
2022-03-02 12:19:35,645:INFO:Calculating mean and std
2022-03-02 12:19:35,648:INFO:Creating metrics dataframe
2022-03-02 12:19:35,676:INFO:Finalizing model
2022-03-02 12:19:36,468:INFO:Uploading results into container
2022-03-02 12:19:36,469:INFO:Uploading model into container now
2022-03-02 12:19:36,470:INFO:create_model_container: 5
2022-03-02 12:19:36,470:INFO:master_model_container: 5
2022-03-02 12:19:36,471:INFO:display_container: 4
2022-03-02 12:19:36,472:INFO:RandomForestClassifier(bootstrap=True, ccp_alpha=0.0,
                       class_weight='balanced_subsample', criterion='entropy',
                       max_depth=10, max_features=1.0, max_leaf_nodes=None,
                       max_samples=None, min_impurity_decrease=0.5,
                       min_impurity_split=None, min_samples_leaf=2,
                       min_samples_split=10, min_weight_fraction_leaf=0.0,
                       n_estimators=160, n_jobs=-1, oob_score=False,
                       random_state=1337, verbose=0, warm_start=False)
2022-03-02 12:19:36,473:INFO:create_model() succesfully completed......................................
2022-03-02 12:19:36,581:INFO:SubProcess create_model() end ==================================
2022-03-02 12:19:36,604:INFO:create_model_container: 5
2022-03-02 12:19:36,606:INFO:master_model_container: 5
2022-03-02 12:19:36,607:INFO:display_container: 4
2022-03-02 12:19:36,609:INFO:RandomForestClassifier(bootstrap=True, ccp_alpha=0.0,
                       class_weight='balanced_subsample', criterion='entropy',
                       max_depth=10, max_features=1.0, max_leaf_nodes=None,
                       max_samples=None, min_impurity_decrease=0.5,
                       min_impurity_split=None, min_samples_leaf=2,
                       min_samples_split=10, min_weight_fraction_leaf=0.0,
                       n_estimators=160, n_jobs=-1, oob_score=False,
                       random_state=1337, verbose=0, warm_start=False)
2022-03-02 12:19:36,610:INFO:tune_model() succesfully completed......................................
2022-03-02 12:19:36,722:INFO:Initializing tune_model()
2022-03-02 12:19:36,723:INFO:tune_model(estimator=KNeighborsClassifier(algorithm='auto', leaf_size=30, metric='minkowski',
                     metric_params=None, n_jobs=-1, n_neighbors=5, p=2,
                     weights='uniform'), fold=None, round=4, n_iter=10, custom_grid=None, optimize=Accuracy, custom_scorer=None, search_library=scikit-learn, search_algorithm=random, early_stopping=False, early_stopping_max_iters=10, choose_better=False, fit_kwargs=None, groups=None, return_tuner=False, verbose=True, tuner_verbose=True, display=None, kwargs={})
2022-03-02 12:19:36,727:INFO:Checking exceptions
2022-03-02 12:19:36,730:INFO:Preparing display monitor
2022-03-02 12:19:36,756:INFO:Copying training dataset
2022-03-02 12:19:36,759:INFO:Checking base model
2022-03-02 12:19:36,760:INFO:Base model : K Neighbors Classifier
2022-03-02 12:19:36,774:INFO:Declaring metric variables
2022-03-02 12:19:36,789:INFO:Defining Hyperparameters
2022-03-02 12:19:36,912:INFO:Tuning with n_jobs=-1
2022-03-02 12:19:36,913:INFO:Initializing RandomizedSearchCV
2022-03-02 12:19:37,627:INFO:best_params: {'actual_estimator__weights': 'distance', 'actual_estimator__n_neighbors': 34, 'actual_estimator__metric': 'euclidean'}
2022-03-02 12:19:37,629:INFO:Hyperparameter search completed
2022-03-02 12:19:37,630:INFO:SubProcess create_model() called ==================================
2022-03-02 12:19:37,632:INFO:Initializing create_model()
2022-03-02 12:19:37,633:INFO:create_model(estimator=KNeighborsClassifier(algorithm='auto', leaf_size=30, metric='minkowski',
                     metric_params=None, n_jobs=-1, n_neighbors=5, p=2,
                     weights='uniform'), fold=StratifiedKFold(n_splits=10, random_state=None, shuffle=False), round=4, cross_validation=True, predict=True, fit_kwargs={}, groups=None, refit=True, verbose=True, system=False, metrics=None, add_to_model_list=True, probability_threshold=None, display=<pycaret.internal.Display.Display object at 0x7fb294221340>, kwargs={'weights': 'distance', 'n_neighbors': 34, 'metric': 'euclidean'})
2022-03-02 12:19:37,634:INFO:Checking exceptions
2022-03-02 12:19:37,635:INFO:Importing libraries
2022-03-02 12:19:37,636:INFO:Copying training dataset
2022-03-02 12:19:37,638:INFO:Defining folds
2022-03-02 12:19:37,639:INFO:Declaring metric variables
2022-03-02 12:19:37,653:INFO:Importing untrained model
2022-03-02 12:19:37,655:INFO:Declaring custom model
2022-03-02 12:19:37,669:INFO:K Neighbors Classifier Imported succesfully
2022-03-02 12:19:37,704:INFO:Starting cross validation
2022-03-02 12:19:37,707:INFO:Cross validating with StratifiedKFold(n_splits=10, random_state=None, shuffle=False), n_jobs=-1
2022-03-02 12:19:37,868:INFO:Calculating mean and std
2022-03-02 12:19:37,870:INFO:Creating metrics dataframe
2022-03-02 12:19:37,894:INFO:Finalizing model
2022-03-02 12:19:37,901:INFO:Uploading results into container
2022-03-02 12:19:37,903:INFO:Uploading model into container now
2022-03-02 12:19:37,904:INFO:create_model_container: 6
2022-03-02 12:19:37,906:INFO:master_model_container: 6
2022-03-02 12:19:37,907:INFO:display_container: 5
2022-03-02 12:19:37,909:INFO:KNeighborsClassifier(algorithm='auto', leaf_size=30, metric='euclidean',
                     metric_params=None, n_jobs=-1, n_neighbors=34, p=2,
                     weights='distance')
2022-03-02 12:19:37,910:INFO:create_model() succesfully completed......................................
2022-03-02 12:19:38,009:INFO:SubProcess create_model() end ==================================
2022-03-02 12:19:38,028:INFO:create_model_container: 6
2022-03-02 12:19:38,029:INFO:master_model_container: 6
2022-03-02 12:19:38,030:INFO:display_container: 5
2022-03-02 12:19:38,031:INFO:KNeighborsClassifier(algorithm='auto', leaf_size=30, metric='euclidean',
                     metric_params=None, n_jobs=-1, n_neighbors=34, p=2,
                     weights='distance')
2022-03-02 12:19:38,032:INFO:tune_model() succesfully completed......................................
2022-03-02 12:19:38,294:INFO:Initializing plot_model()
2022-03-02 12:19:38,295:INFO:plot_model(fold=None, use_train_data=False, verbose=True, is_in_evaluate=False, display=None, display_format=None, estimator=RandomForestClassifier(bootstrap=True, ccp_alpha=0.0, class_weight=None,
                       criterion='gini', max_depth=None, max_features='auto',
                       max_leaf_nodes=None, max_samples=None,
                       min_impurity_decrease=0.0, min_impurity_split=None,
                       min_samples_leaf=1, min_samples_split=2,
                       min_weight_fraction_leaf=0.0, n_estimators=100,
                       n_jobs=-1, oob_score=False, random_state=1337, verbose=0,
                       warm_start=False), feature_name=None, fit_kwargs=None, groups=None, label=False, plot=feature, plot_kwargs=None, save=False, scale=1, system=True)
2022-03-02 12:19:38,297:INFO:Checking exceptions
2022-03-02 12:19:38,322:INFO:Preparing display monitor
2022-03-02 12:19:38,333:INFO:Preloading libraries
2022-03-02 12:19:38,347:INFO:Copying training dataset
2022-03-02 12:19:38,348:INFO:Copying test dataset
2022-03-02 12:19:38,349:INFO:Plot type: feature
2022-03-02 12:19:38,399:WARNING:No coef_ found. Trying feature_importances_
2022-03-02 12:19:38,652:INFO:Visual Rendered Successfully
2022-03-02 12:19:38,744:INFO:plot_model() succesfully completed......................................
2022-03-02 12:19:38,835:INFO:Initializing predict_model()
2022-03-02 12:19:38,837:INFO:predict_model(estimator=GaussianNB(priors=None, var_smoothing=2e-07), probability_threshold=None, encoded_labels=False, drift_report=False, raw_score=False, round=4, verbose=True, ml_usecase=MLUsecase.CLASSIFICATION, display=None)
2022-03-02 12:19:38,838:INFO:Checking exceptions
2022-03-02 12:19:38,839:INFO:Preloading libraries
2022-03-02 12:19:38,840:INFO:Preparing display monitor
2022-03-02 12:19:38,972:INFO:Initializing predict_model()
2022-03-02 12:19:38,973:INFO:predict_model(estimator=RandomForestClassifier(bootstrap=True, ccp_alpha=0.0,
                       class_weight='balanced_subsample', criterion='entropy',
                       max_depth=10, max_features=1.0, max_leaf_nodes=None,
                       max_samples=None, min_impurity_decrease=0.5,
                       min_impurity_split=None, min_samples_leaf=2,
                       min_samples_split=10, min_weight_fraction_leaf=0.0,
                       n_estimators=160, n_jobs=-1, oob_score=False,
                       random_state=1337, verbose=0, warm_start=False), probability_threshold=None, encoded_labels=False, drift_report=False, raw_score=False, round=4, verbose=True, ml_usecase=MLUsecase.CLASSIFICATION, display=None)
2022-03-02 12:19:38,974:INFO:Checking exceptions
2022-03-02 12:19:38,975:INFO:Preloading libraries
2022-03-02 12:19:38,976:INFO:Preparing display monitor
2022-03-02 12:19:39,205:INFO:Initializing predict_model()
2022-03-02 12:19:39,206:INFO:predict_model(estimator=KNeighborsClassifier(algorithm='auto', leaf_size=30, metric='euclidean',
                     metric_params=None, n_jobs=-1, n_neighbors=34, p=2,
                     weights='distance'), probability_threshold=None, encoded_labels=False, drift_report=False, raw_score=False, round=4, verbose=True, ml_usecase=MLUsecase.CLASSIFICATION, display=None)
2022-03-02 12:19:39,208:INFO:Checking exceptions
2022-03-02 12:19:39,209:INFO:Preloading libraries
2022-03-02 12:19:39,209:INFO:Preparing display monitor
