2021-12-17 20:33:09,561:INFO:PyCaret Supervised Module
2021-12-17 20:33:09,561:INFO:ML Usecase: classification
2021-12-17 20:33:09,562:INFO:version 2.3.5
2021-12-17 20:33:09,562:INFO:Initializing setup()
2021-12-17 20:33:09,562:INFO:setup(target=target, ml_usecase=classification, available_plots={'parameter': 'Hyperparameters', 'auc': 'AUC', 'confusion_matrix': 'Confusion Matrix', 'threshold': 'Threshold', 'pr': 'Precision Recall', 'error': 'Prediction Error', 'class_report': 'Class Report', 'rfe': 'Feature Selection', 'learning': 'Learning Curve', 'manifold': 'Manifold Learning', 'calibration': 'Calibration Curve', 'vc': 'Validation Curve', 'dimension': 'Dimensions', 'feature': 'Feature Importance', 'feature_all': 'Feature Importance (All)', 'boundary': 'Decision Boundary', 'lift': 'Lift Chart', 'gain': 'Gain Chart', 'tree': 'Decision Tree', 'ks': 'KS Statistic Plot'}, train_size=0.7, test_data=None, preprocess=True, imputation_type=simple, iterative_imputation_iters=5, categorical_features=None, categorical_imputation=constant, categorical_iterative_imputer=lightgbm, ordinal_features=None, high_cardinality_features=None, high_cardinality_method=frequency, numeric_features=None, numeric_imputation=mean, numeric_iterative_imputer=lightgbm, date_features=None, ignore_features=None, normalize=False, normalize_method=zscore, transformation=False, transformation_method=yeo-johnson, handle_unknown_categorical=True, unknown_categorical_method=least_frequent, pca=False, pca_method=linear, pca_components=None, ignore_low_variance=False, combine_rare_levels=False, rare_level_threshold=0.1, bin_numeric_features=None, remove_outliers=False, outliers_threshold=0.05, remove_multicollinearity=False, multicollinearity_threshold=0.9, remove_perfect_collinearity=True, create_clusters=False, cluster_iter=20, polynomial_features=False, polynomial_degree=2, trigonometry_features=False, polynomial_threshold=0.1, group_features=None, group_names=None, feature_selection=False, feature_selection_threshold=0.8, feature_selection_method=classic, feature_interaction=False, feature_ratio=False, interaction_threshold=0.01, fix_imbalance=False, fix_imbalance_method=None, transform_target=False, transform_target_method=box-cox, data_split_shuffle=True, data_split_stratify=False, fold_strategy=stratifiedkfold, fold=10, fold_shuffle=False, fold_groups=None, n_jobs=-1, use_gpu=False, custom_pipeline=None, html=True, session_id=4, log_experiment=False, experiment_name=None, log_plots=False, log_profile=False, log_data=False, silent=True, verbose=False, profile=False, profile_kwargs=None, display=None)
2021-12-17 20:33:09,563:INFO:Checking environment
2021-12-17 20:33:09,563:INFO:python_version: 3.8.12
2021-12-17 20:33:09,563:INFO:python_build: ('default', 'Nov 17 2021 16:58:51')
2021-12-17 20:33:09,564:INFO:machine: x86_64
2021-12-17 20:33:09,564:INFO:platform: Linux-5.10.74.3-microsoft-standard-WSL2-x86_64-with-glibc2.2.5
2021-12-17 20:33:09,565:WARNING:cannot find psutil installation. memory not traceable. Install psutil using pip to enable memory logging.
2021-12-17 20:33:09,565:INFO:Checking libraries
2021-12-17 20:33:09,566:INFO:pd==1.3.4
2021-12-17 20:33:09,566:INFO:numpy==1.19.5
2021-12-17 20:33:09,566:INFO:sklearn==0.23.2
2021-12-17 20:33:09,567:INFO:lightgbm==3.3.1
2021-12-17 20:33:09,568:WARNING:catboost not found
2021-12-17 20:33:09,569:WARNING:xgboost not found
2021-12-17 20:33:09,964:INFO:mlflow==1.22.0
2021-12-17 20:33:09,966:INFO:Checking Exceptions
2021-12-17 20:33:09,967:INFO:Declaring global variables
2021-12-17 20:33:09,967:INFO:USI: 4e10
2021-12-17 20:33:09,968:INFO:pycaret_globals: {'transform_target_method_param', 'n_jobs_param', 'data_before_preprocess', 'target_param', 'fold_shuffle_param', 'pycaret_globals', 'stratify_param', 'create_model_container', '_all_models', 'html_param', 'fix_imbalance_method_param', 'logging_param', 'fold_groups_param', 'y_train', 'transform_target_param', 'fold_groups_param_full', '_all_metrics', '_gpu_n_jobs_param', 'X_test', 'imputation_classifier', '_internal_pipeline', 'fold_generator', 'master_model_container', 'imputation_regressor', 'log_plots_param', 'X', '_available_plots', 'y', 'X_train', 'exp_name_log', 'experiment__', '_ml_usecase', 'prep_pipe', 'fold_param', 'USI', 'seed', 'display_container', 'fix_imbalance_param', 'iterative_imputation_iters_param', 'gpu_param', 'y_test', '_all_models_internal'}
2021-12-17 20:33:09,968:INFO:Preparing display monitor
2021-12-17 20:33:09,968:INFO:Importing libraries
2021-12-17 20:33:09,969:INFO:Copying data for preprocessing
2021-12-17 20:33:09,969:INFO:Declaring preprocessing parameters
2021-12-17 20:33:09,970:INFO:Creating preprocessing pipeline
2021-12-17 20:33:09,974:INFO:Preprocessing pipeline created successfully
2021-12-17 20:33:09,974:ERROR:(Process Exit): setup has been interupted with user command 'quit'. setup must rerun.
2021-12-17 20:33:09,974:INFO:Creating global containers
2021-12-17 20:33:09,975:INFO:Internal pipeline: Pipeline(memory=None, steps=[('empty_step', 'passthrough')], verbose=False)
2021-12-17 20:33:10,128:WARNING:Couldn't import xgboost.XGBClassifier
2021-12-17 20:33:10,129:WARNING:Couldn't import catboost.CatBoostClassifier
2021-12-17 20:33:10,208:WARNING:Couldn't import xgboost.XGBClassifier
2021-12-17 20:33:10,209:WARNING:Couldn't import catboost.CatBoostClassifier
2021-12-17 20:33:10,210:INFO:Creating grid variables
2021-12-17 20:33:10,212:INFO:create_model_container: 0
2021-12-17 20:33:10,213:INFO:master_model_container: 0
2021-12-17 20:33:10,213:INFO:display_container: 1
2021-12-17 20:33:10,217:INFO:Pipeline(memory=None,
         steps=[('dtypes',
                 DataTypes_Auto_infer(categorical_features=[],
                                      display_types=False, features_todrop=[],
                                      id_columns=[],
                                      ml_usecase='classification',
                                      numerical_features=[], target='target',
                                      time_features=[])),
                ('imputer',
                 Simple_Imputer(categorical_strategy='not_available',
                                fill_value_categorical=None,
                                fill_value_numerical=None,
                                numeric_stra...
                ('scaling', 'passthrough'), ('P_transform', 'passthrough'),
                ('binn', 'passthrough'), ('rem_outliers', 'passthrough'),
                ('cluster_all', 'passthrough'),
                ('dummy', Dummify(target='target')),
                ('fix_perfect', Remove_100(target='target')),
                ('clean_names', Clean_Colum_Names()),
                ('feature_select', 'passthrough'), ('fix_multi', 'passthrough'),
                ('dfs', 'passthrough'), ('pca', 'passthrough')],
         verbose=False)
2021-12-17 20:33:10,217:INFO:setup() succesfully completed......................................
2021-12-17 20:33:10,294:INFO:Initializing create_model()
2021-12-17 20:33:10,295:INFO:create_model(estimator=knn, fold=None, round=4, cross_validation=True, predict=True, fit_kwargs=None, groups=None, refit=True, verbose=True, system=True, metrics=None, add_to_model_list=True, probability_threshold=None, display=None, kwargs={'algorithm': 'brute'})
2021-12-17 20:33:10,295:INFO:Checking exceptions
2021-12-17 20:33:10,295:INFO:Preparing display monitor
2021-12-17 20:33:10,318:INFO:Importing libraries
2021-12-17 20:33:10,319:INFO:Copying training dataset
2021-12-17 20:33:10,320:INFO:Defining folds
2021-12-17 20:33:10,320:INFO:Declaring metric variables
2021-12-17 20:33:10,333:INFO:Importing untrained model
2021-12-17 20:33:10,345:INFO:K Neighbors Classifier Imported succesfully
2021-12-17 20:33:10,371:INFO:Starting cross validation
2021-12-17 20:33:10,372:INFO:Cross validating with StratifiedKFold(n_splits=10, random_state=None, shuffle=False), n_jobs=-1
2021-12-17 20:33:13,111:INFO:Calculating mean and std
2021-12-17 20:33:13,114:INFO:Creating metrics dataframe
2021-12-17 20:33:13,132:INFO:Finalizing model
2021-12-17 20:33:13,137:INFO:Uploading results into container
2021-12-17 20:33:13,138:INFO:Uploading model into container now
2021-12-17 20:33:13,163:INFO:create_model_container: 1
2021-12-17 20:33:13,164:INFO:master_model_container: 1
2021-12-17 20:33:13,164:INFO:display_container: 2
2021-12-17 20:33:13,165:INFO:KNeighborsClassifier(algorithm='brute', leaf_size=30, metric='minkowski',
                     metric_params=None, n_jobs=-1, n_neighbors=5, p=2,
                     weights='uniform')
2021-12-17 20:33:13,166:INFO:create_model() succesfully completed......................................
2021-12-17 20:33:13,258:INFO:Initializing tune_model()
2021-12-17 20:33:13,259:INFO:tune_model(estimator=KNeighborsClassifier(algorithm='brute', leaf_size=30, metric='minkowski',
                     metric_params=None, n_jobs=-1, n_neighbors=5, p=2,
                     weights='uniform'), fold=None, round=4, n_iter=10, custom_grid=None, optimize=Accuracy, custom_scorer=None, search_library=scikit-learn, search_algorithm=None, early_stopping=False, early_stopping_max_iters=10, choose_better=False, fit_kwargs=None, groups=None, return_tuner=False, verbose=True, tuner_verbose=True, display=None, kwargs={})
2021-12-17 20:33:13,259:INFO:Checking exceptions
2021-12-17 20:33:13,260:INFO:Preparing display monitor
2021-12-17 20:33:13,280:INFO:Copying training dataset
2021-12-17 20:33:13,281:INFO:Checking base model
2021-12-17 20:33:13,282:INFO:Base model : K Neighbors Classifier
2021-12-17 20:33:13,295:INFO:Declaring metric variables
2021-12-17 20:33:13,310:INFO:Defining Hyperparameters
2021-12-17 20:33:13,401:INFO:Tuning with n_jobs=-1
2021-12-17 20:33:13,401:INFO:Initializing RandomizedSearchCV
2021-12-17 20:33:14,808:INFO:best_params: {'actual_estimator__weights': 'distance', 'actual_estimator__n_neighbors': 5, 'actual_estimator__metric': 'euclidean'}
2021-12-17 20:33:14,809:INFO:Hyperparameter search completed
2021-12-17 20:33:14,809:INFO:SubProcess create_model() called ==================================
2021-12-17 20:33:14,810:INFO:Initializing create_model()
2021-12-17 20:33:14,811:INFO:create_model(estimator=KNeighborsClassifier(algorithm='brute', leaf_size=30, metric='minkowski',
                     metric_params=None, n_jobs=-1, n_neighbors=5, p=2,
                     weights='uniform'), fold=StratifiedKFold(n_splits=10, random_state=None, shuffle=False), round=4, cross_validation=True, predict=True, fit_kwargs={}, groups=None, refit=True, verbose=True, system=False, metrics=None, add_to_model_list=True, probability_threshold=None, display=<pycaret.internal.Display.Display object at 0x7f3542e29ee0>, kwargs={'weights': 'distance', 'n_neighbors': 5, 'metric': 'euclidean'})
2021-12-17 20:33:14,811:INFO:Checking exceptions
2021-12-17 20:33:14,812:INFO:Importing libraries
2021-12-17 20:33:14,812:INFO:Copying training dataset
2021-12-17 20:33:14,814:INFO:Defining folds
2021-12-17 20:33:14,814:INFO:Declaring metric variables
2021-12-17 20:33:14,829:INFO:Importing untrained model
2021-12-17 20:33:14,830:INFO:Declaring custom model
2021-12-17 20:33:14,843:INFO:K Neighbors Classifier Imported succesfully
2021-12-17 20:33:14,870:INFO:Starting cross validation
2021-12-17 20:33:14,871:INFO:Cross validating with StratifiedKFold(n_splits=10, random_state=None, shuffle=False), n_jobs=-1
2021-12-17 20:33:15,007:INFO:Calculating mean and std
2021-12-17 20:33:15,009:INFO:Creating metrics dataframe
2021-12-17 20:33:15,046:INFO:Finalizing model
2021-12-17 20:33:15,051:INFO:Uploading results into container
2021-12-17 20:33:15,052:INFO:Uploading model into container now
2021-12-17 20:33:15,053:INFO:create_model_container: 2
2021-12-17 20:33:15,054:INFO:master_model_container: 2
2021-12-17 20:33:15,054:INFO:display_container: 3
2021-12-17 20:33:15,055:INFO:KNeighborsClassifier(algorithm='brute', leaf_size=30, metric='euclidean',
                     metric_params=None, n_jobs=-1, n_neighbors=5, p=2,
                     weights='distance')
2021-12-17 20:33:15,056:INFO:create_model() succesfully completed......................................
2021-12-17 20:33:15,142:INFO:SubProcess create_model() end ==================================
2021-12-17 20:33:15,157:INFO:create_model_container: 2
2021-12-17 20:33:15,158:INFO:master_model_container: 2
2021-12-17 20:33:15,158:INFO:display_container: 3
2021-12-17 20:33:15,159:INFO:KNeighborsClassifier(algorithm='brute', leaf_size=30, metric='euclidean',
                     metric_params=None, n_jobs=-1, n_neighbors=5, p=2,
                     weights='distance')
2021-12-17 20:33:15,160:INFO:tune_model() succesfully completed......................................
2021-12-17 20:33:15,245:INFO:Initializing finalize_model()
2021-12-17 20:33:15,245:INFO:finalize_model(estimator=KNeighborsClassifier(algorithm='brute', leaf_size=30, metric='euclidean',
                     metric_params=None, n_jobs=-1, n_neighbors=5, p=2,
                     weights='distance'), fit_kwargs=None, groups=None, model_only=True, display=None)
2021-12-17 20:33:15,246:INFO:Finalizing KNeighborsClassifier(algorithm='brute', leaf_size=30, metric='euclidean',
                     metric_params=None, n_jobs=-1, n_neighbors=5, p=2,
                     weights='distance')
2021-12-17 20:33:15,247:INFO:Initializing create_model()
2021-12-17 20:33:15,247:INFO:create_model(estimator=KNeighborsClassifier(algorithm='brute', leaf_size=30, metric='euclidean',
                     metric_params=None, n_jobs=-1, n_neighbors=5, p=2,
                     weights='distance'), fold=None, round=4, cross_validation=True, predict=True, fit_kwargs={}, groups=None, refit=True, verbose=False, system=False, metrics=None, add_to_model_list=False, probability_threshold=None, display=None, kwargs={})
2021-12-17 20:33:15,247:INFO:Checking exceptions
2021-12-17 20:33:15,248:INFO:Importing libraries
2021-12-17 20:33:15,248:INFO:Copying training dataset
2021-12-17 20:33:15,249:INFO:Defining folds
2021-12-17 20:33:15,249:INFO:Declaring metric variables
2021-12-17 20:33:15,250:INFO:Importing untrained model
2021-12-17 20:33:15,250:INFO:Declaring custom model
2021-12-17 20:33:15,251:INFO:K Neighbors Classifier Imported succesfully
2021-12-17 20:33:15,251:INFO:Starting cross validation
2021-12-17 20:33:15,252:INFO:Cross validating with StratifiedKFold(n_splits=10, random_state=None, shuffle=False), n_jobs=-1
2021-12-17 20:33:15,332:INFO:Calculating mean and std
2021-12-17 20:33:15,332:INFO:Creating metrics dataframe
2021-12-17 20:33:15,336:INFO:Finalizing model
2021-12-17 20:33:15,338:INFO:create_model_container: 2
2021-12-17 20:33:15,339:INFO:master_model_container: 2
2021-12-17 20:33:15,339:INFO:display_container: 4
2021-12-17 20:33:15,340:INFO:KNeighborsClassifier(algorithm='brute', leaf_size=30, metric='euclidean',
                     metric_params=None, n_jobs=-1, n_neighbors=5, p=2,
                     weights='distance')
2021-12-17 20:33:15,340:INFO:create_model() succesfully completed......................................
2021-12-17 20:33:15,417:INFO:create_model_container: 2
2021-12-17 20:33:15,417:INFO:master_model_container: 2
2021-12-17 20:33:15,418:INFO:display_container: 3
2021-12-17 20:33:15,418:INFO:KNeighborsClassifier(algorithm='brute', leaf_size=30, metric='euclidean',
                     metric_params=None, n_jobs=-1, n_neighbors=5, p=2,
                     weights='distance')
2021-12-17 20:33:15,419:INFO:finalize_model() succesfully completed......................................
2021-12-17 21:00:42,627:INFO:PyCaret Supervised Module
2021-12-17 21:00:42,628:INFO:ML Usecase: classification
2021-12-17 21:00:42,628:INFO:version 2.3.5
2021-12-17 21:00:42,629:INFO:Initializing setup()
2021-12-17 21:00:42,629:INFO:setup(target=target, ml_usecase=classification, available_plots={'parameter': 'Hyperparameters', 'auc': 'AUC', 'confusion_matrix': 'Confusion Matrix', 'threshold': 'Threshold', 'pr': 'Precision Recall', 'error': 'Prediction Error', 'class_report': 'Class Report', 'rfe': 'Feature Selection', 'learning': 'Learning Curve', 'manifold': 'Manifold Learning', 'calibration': 'Calibration Curve', 'vc': 'Validation Curve', 'dimension': 'Dimensions', 'feature': 'Feature Importance', 'feature_all': 'Feature Importance (All)', 'boundary': 'Decision Boundary', 'lift': 'Lift Chart', 'gain': 'Gain Chart', 'tree': 'Decision Tree', 'ks': 'KS Statistic Plot'}, train_size=0.7, test_data=None, preprocess=True, imputation_type=simple, iterative_imputation_iters=5, categorical_features=None, categorical_imputation=constant, categorical_iterative_imputer=lightgbm, ordinal_features=None, high_cardinality_features=None, high_cardinality_method=frequency, numeric_features=None, numeric_imputation=mean, numeric_iterative_imputer=lightgbm, date_features=None, ignore_features=None, normalize=False, normalize_method=zscore, transformation=False, transformation_method=yeo-johnson, handle_unknown_categorical=True, unknown_categorical_method=least_frequent, pca=False, pca_method=linear, pca_components=None, ignore_low_variance=False, combine_rare_levels=False, rare_level_threshold=0.1, bin_numeric_features=None, remove_outliers=False, outliers_threshold=0.05, remove_multicollinearity=False, multicollinearity_threshold=0.9, remove_perfect_collinearity=True, create_clusters=False, cluster_iter=20, polynomial_features=False, polynomial_degree=2, trigonometry_features=False, polynomial_threshold=0.1, group_features=None, group_names=None, feature_selection=False, feature_selection_threshold=0.8, feature_selection_method=classic, feature_interaction=False, feature_ratio=False, interaction_threshold=0.01, fix_imbalance=False, fix_imbalance_method=None, transform_target=False, transform_target_method=box-cox, data_split_shuffle=True, data_split_stratify=False, fold_strategy=stratifiedkfold, fold=10, fold_shuffle=False, fold_groups=None, n_jobs=-1, use_gpu=False, custom_pipeline=None, html=True, session_id=4, log_experiment=False, experiment_name=None, log_plots=False, log_profile=False, log_data=False, silent=True, verbose=False, profile=False, profile_kwargs=None, display=None)
2021-12-17 21:00:42,629:INFO:Checking environment
2021-12-17 21:00:42,630:INFO:python_version: 3.8.12
2021-12-17 21:00:42,630:INFO:python_build: ('default', 'Nov 17 2021 16:58:51')
2021-12-17 21:00:42,630:INFO:machine: x86_64
2021-12-17 21:00:42,631:INFO:platform: Linux-5.10.74.3-microsoft-standard-WSL2-x86_64-with-glibc2.2.5
2021-12-17 21:00:42,632:WARNING:cannot find psutil installation. memory not traceable. Install psutil using pip to enable memory logging.
2021-12-17 21:00:42,632:INFO:Checking libraries
2021-12-17 21:00:42,633:INFO:pd==1.3.4
2021-12-17 21:00:42,633:INFO:numpy==1.19.5
2021-12-17 21:00:42,634:INFO:sklearn==0.23.2
2021-12-17 21:00:42,634:INFO:lightgbm==3.3.1
2021-12-17 21:00:42,636:WARNING:catboost not found
2021-12-17 21:00:42,637:WARNING:xgboost not found
2021-12-17 21:00:42,972:INFO:mlflow==1.22.0
2021-12-17 21:00:42,974:INFO:Checking Exceptions
2021-12-17 21:00:42,975:INFO:Declaring global variables
2021-12-17 21:00:42,975:INFO:USI: 5947
2021-12-17 21:00:42,975:INFO:pycaret_globals: {'n_jobs_param', 'y', 'stratify_param', 'target_param', 'experiment__', 'y_test', 'prep_pipe', 'fold_groups_param', '_internal_pipeline', 'y_train', 'imputation_classifier', 'fold_param', '_gpu_n_jobs_param', '_all_models_internal', 'X_train', 'display_container', 'fix_imbalance_method_param', 'fix_imbalance_param', '_all_metrics', 'fold_shuffle_param', 'html_param', 'create_model_container', '_ml_usecase', 'iterative_imputation_iters_param', 'master_model_container', 'exp_name_log', 'data_before_preprocess', 'seed', 'pycaret_globals', 'logging_param', 'X', 'transform_target_method_param', 'fold_groups_param_full', 'gpu_param', 'log_plots_param', 'transform_target_param', 'X_test', 'imputation_regressor', '_available_plots', '_all_models', 'USI', 'fold_generator'}
2021-12-17 21:00:42,976:INFO:Preparing display monitor
2021-12-17 21:00:42,976:INFO:Importing libraries
2021-12-17 21:00:42,977:INFO:Copying data for preprocessing
2021-12-17 21:00:42,977:INFO:Declaring preprocessing parameters
2021-12-17 21:00:42,978:INFO:Creating preprocessing pipeline
2021-12-17 21:00:42,981:INFO:Preprocessing pipeline created successfully
2021-12-17 21:00:42,982:ERROR:(Process Exit): setup has been interupted with user command 'quit'. setup must rerun.
2021-12-17 21:00:42,982:INFO:Creating global containers
2021-12-17 21:00:42,983:INFO:Internal pipeline: Pipeline(memory=None, steps=[('empty_step', 'passthrough')], verbose=False)
2021-12-17 21:00:43,159:WARNING:Couldn't import xgboost.XGBClassifier
2021-12-17 21:00:43,161:WARNING:Couldn't import catboost.CatBoostClassifier
2021-12-17 21:00:43,246:WARNING:Couldn't import xgboost.XGBClassifier
2021-12-17 21:00:43,248:WARNING:Couldn't import catboost.CatBoostClassifier
2021-12-17 21:00:43,249:INFO:Creating grid variables
2021-12-17 21:00:43,251:INFO:create_model_container: 0
2021-12-17 21:00:43,251:INFO:master_model_container: 0
2021-12-17 21:00:43,252:INFO:display_container: 1
2021-12-17 21:00:43,256:INFO:Pipeline(memory=None,
         steps=[('dtypes',
                 DataTypes_Auto_infer(categorical_features=[],
                                      display_types=False, features_todrop=[],
                                      id_columns=[],
                                      ml_usecase='classification',
                                      numerical_features=[], target='target',
                                      time_features=[])),
                ('imputer',
                 Simple_Imputer(categorical_strategy='not_available',
                                fill_value_categorical=None,
                                fill_value_numerical=None,
                                numeric_stra...
                ('scaling', 'passthrough'), ('P_transform', 'passthrough'),
                ('binn', 'passthrough'), ('rem_outliers', 'passthrough'),
                ('cluster_all', 'passthrough'),
                ('dummy', Dummify(target='target')),
                ('fix_perfect', Remove_100(target='target')),
                ('clean_names', Clean_Colum_Names()),
                ('feature_select', 'passthrough'), ('fix_multi', 'passthrough'),
                ('dfs', 'passthrough'), ('pca', 'passthrough')],
         verbose=False)
2021-12-17 21:00:43,256:INFO:setup() succesfully completed......................................
2021-12-17 21:00:43,338:INFO:Initializing create_model()
2021-12-17 21:00:43,338:INFO:create_model(estimator=knn, fold=None, round=4, cross_validation=True, predict=True, fit_kwargs=None, groups=None, refit=True, verbose=True, system=True, metrics=None, add_to_model_list=True, probability_threshold=None, display=None, kwargs={'algorithm': 'brute'})
2021-12-17 21:00:43,339:INFO:Checking exceptions
2021-12-17 21:00:43,339:INFO:Preparing display monitor
2021-12-17 21:00:43,360:INFO:Importing libraries
2021-12-17 21:00:43,361:INFO:Copying training dataset
2021-12-17 21:00:43,362:INFO:Defining folds
2021-12-17 21:00:43,363:INFO:Declaring metric variables
2021-12-17 21:00:43,376:INFO:Importing untrained model
2021-12-17 21:00:43,390:INFO:K Neighbors Classifier Imported succesfully
2021-12-17 21:00:43,416:INFO:Starting cross validation
2021-12-17 21:00:43,418:INFO:Cross validating with StratifiedKFold(n_splits=10, random_state=None, shuffle=False), n_jobs=-1
2021-12-17 21:00:46,405:INFO:Calculating mean and std
2021-12-17 21:00:46,407:INFO:Creating metrics dataframe
2021-12-17 21:00:46,425:INFO:Finalizing model
2021-12-17 21:00:46,429:INFO:Uploading results into container
2021-12-17 21:00:46,430:INFO:Uploading model into container now
2021-12-17 21:00:46,450:INFO:create_model_container: 1
2021-12-17 21:00:46,451:INFO:master_model_container: 1
2021-12-17 21:00:46,452:INFO:display_container: 2
2021-12-17 21:00:46,453:INFO:KNeighborsClassifier(algorithm='brute', leaf_size=30, metric='minkowski',
                     metric_params=None, n_jobs=-1, n_neighbors=5, p=2,
                     weights='uniform')
2021-12-17 21:00:46,453:INFO:create_model() succesfully completed......................................
2021-12-17 21:00:46,557:INFO:Initializing tune_model()
2021-12-17 21:00:46,557:INFO:tune_model(estimator=KNeighborsClassifier(algorithm='brute', leaf_size=30, metric='minkowski',
                     metric_params=None, n_jobs=-1, n_neighbors=5, p=2,
                     weights='uniform'), fold=None, round=4, n_iter=10, custom_grid=None, optimize=Accuracy, custom_scorer=None, search_library=scikit-learn, search_algorithm=None, early_stopping=False, early_stopping_max_iters=10, choose_better=False, fit_kwargs=None, groups=None, return_tuner=False, verbose=True, tuner_verbose=True, display=None, kwargs={})
2021-12-17 21:00:46,558:INFO:Checking exceptions
2021-12-17 21:00:46,559:INFO:Preparing display monitor
2021-12-17 21:00:46,580:INFO:Copying training dataset
2021-12-17 21:00:46,582:INFO:Checking base model
2021-12-17 21:00:46,582:INFO:Base model : K Neighbors Classifier
2021-12-17 21:00:46,597:INFO:Declaring metric variables
2021-12-17 21:00:46,609:INFO:Defining Hyperparameters
2021-12-17 21:00:46,705:INFO:Tuning with n_jobs=-1
2021-12-17 21:00:46,705:INFO:Initializing RandomizedSearchCV
2021-12-17 21:00:48,254:INFO:best_params: {'actual_estimator__weights': 'distance', 'actual_estimator__n_neighbors': 5, 'actual_estimator__metric': 'euclidean'}
2021-12-17 21:00:48,255:INFO:Hyperparameter search completed
2021-12-17 21:00:48,256:INFO:SubProcess create_model() called ==================================
2021-12-17 21:00:48,257:INFO:Initializing create_model()
2021-12-17 21:00:48,257:INFO:create_model(estimator=KNeighborsClassifier(algorithm='brute', leaf_size=30, metric='minkowski',
                     metric_params=None, n_jobs=-1, n_neighbors=5, p=2,
                     weights='uniform'), fold=StratifiedKFold(n_splits=10, random_state=None, shuffle=False), round=4, cross_validation=True, predict=True, fit_kwargs={}, groups=None, refit=True, verbose=True, system=False, metrics=None, add_to_model_list=True, probability_threshold=None, display=<pycaret.internal.Display.Display object at 0x7f3bb3d5abe0>, kwargs={'weights': 'distance', 'n_neighbors': 5, 'metric': 'euclidean'})
2021-12-17 21:00:48,258:INFO:Checking exceptions
2021-12-17 21:00:48,259:INFO:Importing libraries
2021-12-17 21:00:48,259:INFO:Copying training dataset
2021-12-17 21:00:48,261:INFO:Defining folds
2021-12-17 21:00:48,261:INFO:Declaring metric variables
2021-12-17 21:00:48,275:INFO:Importing untrained model
2021-12-17 21:00:48,276:INFO:Declaring custom model
2021-12-17 21:00:48,291:INFO:K Neighbors Classifier Imported succesfully
2021-12-17 21:00:48,325:INFO:Starting cross validation
2021-12-17 21:00:48,326:INFO:Cross validating with StratifiedKFold(n_splits=10, random_state=None, shuffle=False), n_jobs=-1
2021-12-17 21:00:48,462:INFO:Calculating mean and std
2021-12-17 21:00:48,464:INFO:Creating metrics dataframe
2021-12-17 21:00:48,502:INFO:Finalizing model
2021-12-17 21:00:48,509:INFO:Uploading results into container
2021-12-17 21:00:48,510:INFO:Uploading model into container now
2021-12-17 21:00:48,511:INFO:create_model_container: 2
2021-12-17 21:00:48,512:INFO:master_model_container: 2
2021-12-17 21:00:48,513:INFO:display_container: 3
2021-12-17 21:00:48,514:INFO:KNeighborsClassifier(algorithm='brute', leaf_size=30, metric='euclidean',
                     metric_params=None, n_jobs=-1, n_neighbors=5, p=2,
                     weights='distance')
2021-12-17 21:00:48,515:INFO:create_model() succesfully completed......................................
2021-12-17 21:00:48,616:INFO:SubProcess create_model() end ==================================
2021-12-17 21:00:48,631:INFO:create_model_container: 2
2021-12-17 21:00:48,631:INFO:master_model_container: 2
2021-12-17 21:00:48,632:INFO:display_container: 3
2021-12-17 21:00:48,633:INFO:KNeighborsClassifier(algorithm='brute', leaf_size=30, metric='euclidean',
                     metric_params=None, n_jobs=-1, n_neighbors=5, p=2,
                     weights='distance')
2021-12-17 21:00:48,633:INFO:tune_model() succesfully completed......................................
2021-12-17 21:00:48,721:INFO:Initializing finalize_model()
2021-12-17 21:00:48,722:INFO:finalize_model(estimator=KNeighborsClassifier(algorithm='brute', leaf_size=30, metric='euclidean',
                     metric_params=None, n_jobs=-1, n_neighbors=5, p=2,
                     weights='distance'), fit_kwargs=None, groups=None, model_only=True, display=None)
2021-12-17 21:00:48,723:INFO:Finalizing KNeighborsClassifier(algorithm='brute', leaf_size=30, metric='euclidean',
                     metric_params=None, n_jobs=-1, n_neighbors=5, p=2,
                     weights='distance')
2021-12-17 21:00:48,724:INFO:Initializing create_model()
2021-12-17 21:00:48,724:INFO:create_model(estimator=KNeighborsClassifier(algorithm='brute', leaf_size=30, metric='euclidean',
                     metric_params=None, n_jobs=-1, n_neighbors=5, p=2,
                     weights='distance'), fold=None, round=4, cross_validation=True, predict=True, fit_kwargs={}, groups=None, refit=True, verbose=False, system=False, metrics=None, add_to_model_list=False, probability_threshold=None, display=None, kwargs={})
2021-12-17 21:00:48,724:INFO:Checking exceptions
2021-12-17 21:00:48,725:INFO:Importing libraries
2021-12-17 21:00:48,725:INFO:Copying training dataset
2021-12-17 21:00:48,726:INFO:Defining folds
2021-12-17 21:00:48,726:INFO:Declaring metric variables
2021-12-17 21:00:48,727:INFO:Importing untrained model
2021-12-17 21:00:48,727:INFO:Declaring custom model
2021-12-17 21:00:48,728:INFO:K Neighbors Classifier Imported succesfully
2021-12-17 21:00:48,728:INFO:Starting cross validation
2021-12-17 21:00:48,729:INFO:Cross validating with StratifiedKFold(n_splits=10, random_state=None, shuffle=False), n_jobs=-1
2021-12-17 21:00:48,820:INFO:Calculating mean and std
2021-12-17 21:00:48,821:INFO:Creating metrics dataframe
2021-12-17 21:00:48,825:INFO:Finalizing model
2021-12-17 21:00:48,828:INFO:create_model_container: 2
2021-12-17 21:00:48,828:INFO:master_model_container: 2
2021-12-17 21:00:48,829:INFO:display_container: 4
2021-12-17 21:00:48,829:INFO:KNeighborsClassifier(algorithm='brute', leaf_size=30, metric='euclidean',
                     metric_params=None, n_jobs=-1, n_neighbors=5, p=2,
                     weights='distance')
2021-12-17 21:00:48,830:INFO:create_model() succesfully completed......................................
2021-12-17 21:00:48,910:INFO:create_model_container: 2
2021-12-17 21:00:48,910:INFO:master_model_container: 2
2021-12-17 21:00:48,911:INFO:display_container: 3
2021-12-17 21:00:48,911:INFO:KNeighborsClassifier(algorithm='brute', leaf_size=30, metric='euclidean',
                     metric_params=None, n_jobs=-1, n_neighbors=5, p=2,
                     weights='distance')
2021-12-17 21:00:48,912:INFO:finalize_model() succesfully completed......................................
